<?xml version="1.0" encoding="utf-8"?>
<TestRun id="1dbd9afa-7c7a-464c-87b9-06e8c21b72aa" name="Windows@DESKTOP-4TSOTBQ 2026-09-19 01:12:02" runUser="DESKTOP-4TSOTBQ\Windows" xmlns="http://microsoft.com/schemas/VisualStudio/TeamTest/2010">
  <Times creation="2026-09-19T01:12:02.8589478+02:00" queuing="2026-09-19T01:12:02.8589479+02:00" start="2026-09-19T01:12:01.8842720+02:00" finish="2026-09-19T01:12:11.7479192+02:00" />
  <TestSettings name="default" id="3ce6ae80-1185-4c9a-9645-017560dbca17">
    <Deployment runDeploymentRoot="Windows_DESKTOP-4TSOTBQ_2026-09-19_01_12_02" />
  </TestSettings>
  <Results>
    <UnitTestResult executionId="d37cd49c-1be8-44c1-8cf0-287de4be30f2" testId="43abdea8-2a58-fb56-f793-36085c3ae8e0" testName="McpServerTemplate.Tests.Providers.JsonPlaceholder.JsonPlaceholderRoundTripTests.T5_GetPostComments_returns_populated_comments" computerName="DESKTOP-4TSOTBQ" duration="00:00:00.0007718" startTime="2026-09-19T01:12:02.8721014+02:00" endTime="2026-09-19T01:12:02.8721280+02:00" testType="13cdc9d9-ddb5-4fa4-a97d-d965ccfc6d4b" outcome="Passed" testListId="8c84fa94-04c1-424b-9868-57a2d4851a1d" relativeResultsDirectory="d37cd49c-1be8-44c1-8cf0-287de4be30f2" />
    <UnitTestResult executionId="ddc1ab47-af03-4fb2-8547-c808fabcf9c7" testId="876a5ec4-d873-752c-98ed-2a2cd4913f39" testName="McpServerTemplate.Tests.Identity.ProviderBindingTests.T6_an_unknown_tool_is_refused_rather_than_assumed_open" computerName="DESKTOP-4TSOTBQ" duration="00:00:00.0002744" startTime="2026-09-19T01:12:02.8734480+02:00" endTime="2026-09-19T01:12:02.8734732+02:00" testType="13cdc9d9-ddb5-4fa4-a97d-d965ccfc6d4b" outcome="Passed" testListId="8c84fa94-04c1-424b-9868-57a2d4851a1d" relativeResultsDirectory="ddc1ab47-af03-4fb2-8547-c808fabcf9c7" />
    <UnitTestResult executionId="f68c0374-d606-44bb-bf2f-dcabefc6fec1" testId="b66d83cb-ab11-d5d2-16e5-9d701f5d958f" testName="McpServerTemplate.Tests.Infrastructure.ConfigurationFailureTests.T3_a_missing_provider_section_is_a_configuration_failure(provider: &quot;SmhiObs&quot;, register: Action`2 { Method = Void &lt;EveryProvider&gt;b__1_1(Microsoft.Extensions.DependencyInjection.IServiceCollection, Microsoft.Extensions.Configuration.IConfiguration), Target = &lt;&gt;c { } })" computerName="DESKTOP-4TSOTBQ" duration="00:00:00.0031545" startTime="2026-09-19T01:12:02.8450570+02:00" endTime="2026-09-19T01:12:02.8526175+02:00" testType="13cdc9d9-ddb5-4fa4-a97d-d965ccfc6d4b" outcome="Passed" testListId="8c84fa94-04c1-424b-9868-57a2d4851a1d" relativeResultsDirectory="f68c0374-d606-44bb-bf2f-dcabefc6fec1" />
    <UnitTestResult executionId="d3355f88-fea5-4c49-9aad-a4a09b2367ea" testId="2fdda4e4-b10b-a4f2-68f9-c6a920482e9e" testName="McpServerTemplate.Tests.Providers.Smhi.SmhiFormattersTests.FormatCurrentWeather_WithData_IncludesTemperatureAndWind" computerName="DESKTOP-4TSOTBQ" duration="00:00:00.0296098" startTime="2026-09-19T01:12:02.8113792+02:00" endTime="2026-09-19T01:12:02.8539957+02:00" testType="13cdc9d9-ddb5-4fa4-a97d-d965ccfc6d4b" outcome="Passed" testListId="8c84fa94-04c1-424b-9868-57a2d4851a1d" relativeResultsDirectory="d3355f88-fea5-4c49-9aad-a4a09b2367ea" />
    <UnitTestResult executionId="ae7c6ba9-ed8b-4cce-a7a0-b7bfb9af0a7f" testId="2cfbca63-b6c3-537d-65e0-a12330d21787" testName="McpServerTemplate.Tests.Providers.Smhi.WeatherSymbolTests.GetDescription_UnknownCode_ReturnsUnknownWithCode(code: 28)" computerName="DESKTOP-4TSOTBQ" duration="00:00:00.0282569" startTime="2026-09-19T01:12:02.8154031+02:00" endTime="2026-09-19T01:12:02.8530184+02:00" testType="13cdc9d9-ddb5-4fa4-a97d-d965ccfc6d4b" outcome="Passed" testListId="8c84fa94-04c1-424b-9868-57a2d4851a1d" relativeResultsDirectory="ae7c6ba9-ed8b-4cce-a7a0-b7bfb9af0a7f" />
    <UnitTestResult executionId="9f3e4683-c5a1-4941-ac78-b2627c04e582" testId="9f2ae0e6-dac8-bc8d-9edf-fb21ef434f9b" testName="McpServerTemplate.Tests.Identity.IdentityConfigurationTests.T9_an_empty_scope_catalog_is_refused" computerName="DESKTOP-4TSOTBQ" duration="00:00:00.0020937" startTime="2026-09-19T01:12:02.8585847+02:00" endTime="2026-09-19T01:12:02.8598010+02:00" testType="13cdc9d9-ddb5-4fa4-a97d-d965ccfc6d4b" outcome="Passed" testListId="8c84fa94-04c1-424b-9868-57a2d4851a1d" relativeResultsDirectory="9f3e4683-c5a1-4941-ac78-b2627c04e582" />
    <UnitTestResult executionId="8a465ac0-80b7-44fe-b888-c309a201e6e9" testId="0aa17c2f-b3f6-ebb0-c79c-ba09b20411e0" testName="McpServerTemplate.Tests.Infrastructure.ResilienceBudgetTests.T7_every_budget_this_server_ships_is_coherent(attempt: 5, retries: 2, total: 20)" computerName="DESKTOP-4TSOTBQ" duration="00:00:00.0000133" startTime="2026-09-19T01:12:02.8487408+02:00" endTime="2026-09-19T01:12:02.8487952+02:00" testType="13cdc9d9-ddb5-4fa4-a97d-d965ccfc6d4b" outcome="Passed" testListId="8c84fa94-04c1-424b-9868-57a2d4851a1d" relativeResultsDirectory="8a465ac0-80b7-44fe-b888-c309a201e6e9" />
    <UnitTestResult executionId="ec947a03-5309-4639-a3c9-dbaf39e8aae3" testId="9c005082-b725-5acf-e19d-6ce90e74fecc" testName="McpServerTemplate.Tests.Infrastructure.ResilienceBudgetTests.T7_a_sampling_window_shorter_than_two_attempts_is_refused" computerName="DESKTOP-4TSOTBQ" duration="00:00:00.0013711" startTime="2026-09-19T01:12:02.8584025+02:00" endTime="2026-09-19T01:12:02.8586105+02:00" testType="13cdc9d9-ddb5-4fa4-a97d-d965ccfc6d4b" outcome="Passed" testListId="8c84fa94-04c1-424b-9868-57a2d4851a1d" relativeResultsDirectory="ec947a03-5309-4639-a3c9-dbaf39e8aae3" />
    <UnitTestResult executionId="09130457-2e6f-477f-abe3-65763243c38e" testId="27499f0d-5fb5-4ec4-f4c7-48fe44b6e704" testName="McpServerTemplate.Tests.Providers.JsonPlaceholder.JsonPlaceholderErrorPathTests.T5_an_upstream_that_runs_out_of_time_names_a_recovery(tool: &quot;get_blog_post&quot;, call: Func`2 { Method = System.Threading.Tasks.Task &lt;EveryTool&gt;b__2_0(McpServerTemplate.Providers.JsonPlaceholder.JsonPlaceholderApiClient), Target = &lt;&gt;c { } })" computerName="DESKTOP-4TSOTBQ" duration="00:00:00.0007063" startTime="2026-09-19T01:12:02.8707711+02:00" endTime="2026-09-19T01:12:02.8707960+02:00" testType="13cdc9d9-ddb5-4fa4-a97d-d965ccfc6d4b" outcome="Passed" testListId="8c84fa94-04c1-424b-9868-57a2d4851a1d" relativeResultsDirectory="09130457-2e6f-477f-abe3-65763243c38e" />
    <UnitTestResult executionId="c758dd61-7546-41ed-b05a-775b3fe70e23" testId="b85a78d2-2857-4fa9-2fc5-f4a8eabed28c" testName="McpServerTemplate.Tests.Providers.SmhiObs.MetObsArchiveCsvTests.T6_ReadAsync_reports_an_unrecognisable_archive_rather_than_returning_nothing" computerName="DESKTOP-4TSOTBQ" duration="00:00:00.0139872" startTime="2026-09-19T01:12:02.8114442+02:00" endTime="2026-09-19T01:12:02.8280989+02:00" testType="13cdc9d9-ddb5-4fa4-a97d-d965ccfc6d4b" outcome="Passed" testListId="8c84fa94-04c1-424b-9868-57a2d4851a1d" relativeResultsDirectory="c758dd61-7546-41ed-b05a-775b3fe70e23" />
    <UnitTestResult executionId="232ced93-331f-48f0-9190-e5d7fbe79007" testId="19e22bdc-9504-2bf2-42df-8918de32001d" testName="McpServerTemplate.Tests.Providers.JsonPlaceholder.JsonPlaceholderErrorPathTests.T5_an_unreachable_upstream_names_a_recovery(tool: &quot;get_post_comments&quot;, call: Func`2 { Method = System.Threading.Tasks.Task &lt;EveryTool&gt;b__2_1(McpServerTemplate.Providers.JsonPlaceholder.JsonPlaceholderApiClient), Target = &lt;&gt;c { } })" computerName="DESKTOP-4TSOTBQ" duration="00:00:00.0001942" startTime="2026-09-19T01:12:02.8711416+02:00" endTime="2026-09-19T01:12:02.8711671+02:00" testType="13cdc9d9-ddb5-4fa4-a97d-d965ccfc6d4b" outcome="Passed" testListId="8c84fa94-04c1-424b-9868-57a2d4851a1d" relativeResultsDirectory="232ced93-331f-48f0-9190-e5d7fbe79007" />
    <UnitTestResult executionId="684f09ec-2ae2-4170-a882-15f228a39eee" testId="92241085-a34f-56e4-b186-19103925dfec" testName="McpServerTemplate.Tests.Identity.TransportAndPrincipalTests.T12_production_without_tls_or_a_trusted_proxy_is_refused" computerName="DESKTOP-4TSOTBQ" duration="00:00:00.0015319" startTime="2026-09-19T01:12:02.8615113+02:00" endTime="2026-09-19T01:12:02.8618625+02:00" testType="13cdc9d9-ddb5-4fa4-a97d-d965ccfc6d4b" outcome="Passed" testListId="8c84fa94-04c1-424b-9868-57a2d4851a1d" relativeResultsDirectory="684f09ec-2ae2-4170-a882-15f228a39eee" />
    <UnitTestResult executionId="d5c942e7-7d70-4b11-8577-f61dd0423164" testId="c7146da9-a2a8-fa6f-8cbc-d304dd0dfefc" testName="McpServerTemplate.Tests.Providers.JsonPlaceholder.JsonPlaceholderErrorPathTests.T5_a_blank_required_argument_names_what_is_missing(which: &quot;add_post_comment/body&quot;, call: Func`2 { Method = System.Threading.Tasks.Task &lt;EveryWriteToolWithABlankRequiredArgument&gt;b__13_4(McpServerTemplate.Providers.JsonPlaceholder.JsonPlaceholderApiClient), Target = &lt;&gt;c { } })" computerName="DESKTOP-4TSOTBQ" duration="00:00:00.0005687" startTime="2026-09-19T01:12:02.8644809+02:00" endTime="2026-09-19T01:12:02.8646591+02:00" testType="13cdc9d9-ddb5-4fa4-a97d-d965ccfc6d4b" outcome="Passed" testListId="8c84fa94-04c1-424b-9868-57a2d4851a1d" relativeResultsDirectory="d5c942e7-7d70-4b11-8577-f61dd0423164" />
    <UnitTestResult executionId="622a00ae-bafc-45c5-b262-7f40a7124a60" testId="068bbfd3-d059-221b-82d5-1e3a8a253d4e" testName="McpServerTemplate.Tests.Infrastructure.ResilienceBudgetTests.T7_the_client_timeout_never_caps_the_pipeline" computerName="DESKTOP-4TSOTBQ" duration="00:00:00.0183411" startTime="2026-09-19T01:12:02.8538196+02:00" endTime="2026-09-19T01:12:02.8578935+02:00" testType="13cdc9d9-ddb5-4fa4-a97d-d965ccfc6d4b" outcome="Passed" testListId="8c84fa94-04c1-424b-9868-57a2d4851a1d" relativeResultsDirectory="622a00ae-bafc-45c5-b262-7f40a7124a60" />
    <UnitTestResult executionId="d0957933-303e-4fc3-8b8b-e244bdcd1997" testId="7938eeb9-c706-3aac-acd3-aee57542dbad" testName="McpServerTemplate.Tests.Infrastructure.ResilienceBudgetTests.T7_a_total_timeout_that_cannot_fit_the_retries_is_refused" computerName="DESKTOP-4TSOTBQ" duration="00:00:00.0028655" startTime="2026-09-19T01:12:02.8520638+02:00" endTime="2026-09-19T01:12:02.8527036+02:00" testType="13cdc9d9-ddb5-4fa4-a97d-d965ccfc6d4b" outcome="Passed" testListId="8c84fa94-04c1-424b-9868-57a2d4851a1d" relativeResultsDirectory="d0957933-303e-4fc3-8b8b-e244bdcd1997" />
    <UnitTestResult executionId="4b606411-25ba-4754-a4b0-4572116e7d03" testId="affb102f-bcec-504d-6e36-9f51cf331632" testName="McpServerTemplate.Tests.Providers.Smhi.SmhiFormattersTests.ToCardinalDirection_ReturnsExpectedDirection(degrees: 180, expected: &quot;S&quot;)" computerName="DESKTOP-4TSOTBQ" duration="00:00:00.0000065" startTime="2026-09-19T01:12:02.8566898+02:00" endTime="2026-09-19T01:12:02.8567156+02:00" testType="13cdc9d9-ddb5-4fa4-a97d-d965ccfc6d4b" outcome="Passed" testListId="8c84fa94-04c1-424b-9868-57a2d4851a1d" relativeResultsDirectory="4b606411-25ba-4754-a4b0-4572116e7d03" />
    <UnitTestResult executionId="2e0ebaa9-882f-4c1d-84eb-efb3c6145396" testId="19e22bdc-9504-2bf2-42df-8918de32001d" testName="McpServerTemplate.Tests.Providers.JsonPlaceholder.JsonPlaceholderErrorPathTests.T5_an_unreachable_upstream_names_a_recovery(tool: &quot;get_user_todos&quot;, call: Func`2 { Method = System.Threading.Tasks.Task &lt;EveryTool&gt;b__2_2(McpServerTemplate.Providers.JsonPlaceholder.JsonPlaceholderApiClient), Target = &lt;&gt;c { } })" computerName="DESKTOP-4TSOTBQ" duration="00:00:00.0000463" startTime="2026-09-19T01:12:02.8716496+02:00" endTime="2026-09-19T01:12:02.8716802+02:00" testType="13cdc9d9-ddb5-4fa4-a97d-d965ccfc6d4b" outcome="Passed" testListId="8c84fa94-04c1-424b-9868-57a2d4851a1d" relativeResultsDirectory="2e0ebaa9-882f-4c1d-84eb-efb3c6145396" />
    <UnitTestResult executionId="552ae4b7-8b76-4667-868f-7121c701ae01" testId="649c4685-e69d-a8a8-2be5-1b209a0dd9a3" testName="McpServerTemplate.Tests.Providers.Smhi.SmhiFormattersTests.FormatCurrentWeather_MissingValues_ShowsNA" computerName="DESKTOP-4TSOTBQ" duration="00:00:00.0002662" startTime="2026-09-19T01:12:02.8593487+02:00" endTime="2026-09-19T01:12:02.8595305+02:00" testType="13cdc9d9-ddb5-4fa4-a97d-d965ccfc6d4b" outcome="Passed" testListId="8c84fa94-04c1-424b-9868-57a2d4851a1d" relativeResultsDirectory="552ae4b7-8b76-4667-868f-7121c701ae01" />
    <UnitTestResult executionId="f7903bf8-c5b6-4267-8be1-8a80c1b596f1" testId="c8929616-51f4-1acf-f960-8b711227c8f4" testName="McpServerTemplate.Tests.Providers.JsonPlaceholder.JsonPlaceholderErrorPathTests.T5_being_rate_limited_by_the_upstream_is_distinguishable_from_being_broken" computerName="DESKTOP-4TSOTBQ" duration="00:00:00.0213679" startTime="2026-09-19T01:12:02.8152421+02:00" endTime="2026-09-19T01:12:02.8426517+02:00" testType="13cdc9d9-ddb5-4fa4-a97d-d965ccfc6d4b" outcome="Passed" testListId="8c84fa94-04c1-424b-9868-57a2d4851a1d" relativeResultsDirectory="f7903bf8-c5b6-4267-8be1-8a80c1b596f1" />
    <UnitTestResult executionId="c450ba76-9b68-4aeb-98b9-73dcc1eb057a" testId="ab821f0d-5be1-d744-864e-e91cf53e85b4" testName="McpServerTemplate.Tests.Providers.SmhiObs.SmhiObsFormattersTests.FormatDailySummary_WithValues_GroupsByDay" computerName="DESKTOP-4TSOTBQ" duration="00:00:00.0760059" startTime="2026-09-19T01:12:02.8156198+02:00" endTime="2026-09-19T01:12:02.8650266+02:00" testType="13cdc9d9-ddb5-4fa4-a97d-d965ccfc6d4b" outcome="Passed" testListId="8c84fa94-04c1-424b-9868-57a2d4851a1d" relativeResultsDirectory="c450ba76-9b68-4aeb-98b9-73dcc1eb057a" />
    <UnitTestResult executionId="8bd38c5e-7038-46ae-abe2-c46c1e44b236" testId="342199d5-70fd-0710-1e63-722686651e59" testName="McpServerTemplate.Tests.ServerProcessTests.T3_a_malformed_setting_exits_78(key: &quot;RateLimit__MaxCallsPerToolPerMinute&quot;, value: &quot;0&quot;, transport: &quot;stdio&quot;)" computerName="DESKTOP-4TSOTBQ" duration="00:00:00.2029972" startTime="2026-09-19T01:12:05.0939907+02:00" endTime="2026-09-19T01:12:05.2970451+02:00" testType="13cdc9d9-ddb5-4fa4-a97d-d965ccfc6d4b" outcome="Passed" testListId="8c84fa94-04c1-424b-9868-57a2d4851a1d" relativeResultsDirectory="8bd38c5e-7038-46ae-abe2-c46c1e44b236" />
    <UnitTestResult executionId="ad8fdb7d-db54-4e8a-a3c6-5d3a47728463" testId="a804e28f-86b9-f299-fb3a-8f6e737b65d6" testName="McpServerTemplate.Tests.Providers.JsonPlaceholder.JsonPlaceholderErrorPathTests.T5_an_open_circuit_names_a_recovery(tool: &quot;create_user_todo&quot;, call: Func`2 { Method = System.Threading.Tasks.Task &lt;EveryTool&gt;b__2_5(McpServerTemplate.Providers.JsonPlaceholder.JsonPlaceholderApiClient), Target = &lt;&gt;c { } })" computerName="DESKTOP-4TSOTBQ" duration="00:00:00.0000950" startTime="2026-09-19T01:12:02.8700897+02:00" endTime="2026-09-19T01:12:02.8701137+02:00" testType="13cdc9d9-ddb5-4fa4-a97d-d965ccfc6d4b" outcome="Passed" testListId="8c84fa94-04c1-424b-9868-57a2d4851a1d" relativeResultsDirectory="ad8fdb7d-db54-4e8a-a3c6-5d3a47728463" />
    <UnitTestResult executionId="370cfc8b-b889-40f8-9eeb-dc8f872a6fbb" testId="fc3b055a-758b-1313-e943-389a091a318f" testName="McpServerTemplate.Tests.Identity.TokenRejectionTests.T2_a_bad_token_is_refused(flaw: &quot;expired&quot;)" computerName="DESKTOP-4TSOTBQ" duration="00:00:00.0645000" startTime="2026-09-19T01:12:03.2918748+02:00" endTime="2026-09-19T01:12:03.3568020+02:00" testType="13cdc9d9-ddb5-4fa4-a97d-d965ccfc6d4b" outcome="Passed" testListId="8c84fa94-04c1-424b-9868-57a2d4851a1d" relativeResultsDirectory="370cfc8b-b889-40f8-9eeb-dc8f872a6fbb" />
    <UnitTestResult executionId="4d6cbd16-7011-4dcd-b3be-71d39ed1392d" testId="68297c79-3516-62b9-dc6c-62c8cb3f712b" testName="McpServerTemplate.Tests.ServerProcessTests.T3_a_configuration_failure_never_exits_zero" computerName="DESKTOP-4TSOTBQ" duration="00:00:00.3391303" startTime="2026-09-19T01:12:06.5162987+02:00" endTime="2026-09-19T01:12:06.8556773+02:00" testType="13cdc9d9-ddb5-4fa4-a97d-d965ccfc6d4b" outcome="Passed" testListId="8c84fa94-04c1-424b-9868-57a2d4851a1d" relativeResultsDirectory="4d6cbd16-7011-4dcd-b3be-71d39ed1392d" />
    <UnitTestResult executionId="dff1ef9d-d12d-411c-afda-5742ff064e2a" testId="19e22bdc-9504-2bf2-42df-8918de32001d" testName="McpServerTemplate.Tests.Providers.JsonPlaceholder.JsonPlaceholderErrorPathTests.T5_an_unreachable_upstream_names_a_recovery(tool: &quot;create_blog_post&quot;, call: Func`2 { Method = System.Threading.Tasks.Task &lt;EveryTool&gt;b__2_3(McpServerTemplate.Providers.JsonPlaceholder.JsonPlaceholderApiClient), Target = &lt;&gt;c { } })" computerName="DESKTOP-4TSOTBQ" duration="00:00:00.0000676" startTime="2026-09-19T01:12:02.8717118+02:00" endTime="2026-09-19T01:12:02.8717633+02:00" testType="13cdc9d9-ddb5-4fa4-a97d-d965ccfc6d4b" outcome="Passed" testListId="8c84fa94-04c1-424b-9868-57a2d4851a1d" relativeResultsDirectory="dff1ef9d-d12d-411c-afda-5742ff064e2a" />
    <UnitTestResult executionId="751bfaf6-60a1-4d24-94b7-9fe5bc23841f" testId="239d9918-03bc-ad7b-424f-f58c1d352529" testName="McpServerTemplate.Tests.Providers.Smhi.SmhiFormattersTests.ToCardinalDirection_ReturnsExpectedDirection(degrees: 270, expected: &quot;W&quot;)" computerName="DESKTOP-4TSOTBQ" duration="00:00:00.0000074" startTime="2026-09-19T01:12:02.8567559+02:00" endTime="2026-09-19T01:12:02.8567818+02:00" testType="13cdc9d9-ddb5-4fa4-a97d-d965ccfc6d4b" outcome="Passed" testListId="8c84fa94-04c1-424b-9868-57a2d4851a1d" relativeResultsDirectory="751bfaf6-60a1-4d24-94b7-9fe5bc23841f" />
    <UnitTestResult executionId="9045e264-47ef-402b-9ffc-51c713862943" testId="980c3688-63a0-1dd8-02d9-94b4ed2a4426" testName="McpServerTemplate.Tests.Identity.IdentityConfigurationTests.T9_an_algorithm_outside_the_allowlist_is_refused(algorithms: &quot;none&quot;)" computerName="DESKTOP-4TSOTBQ" duration="00:00:00.0204180" startTime="2026-09-19T01:12:02.8519155+02:00" endTime="2026-09-19T01:12:02.8575695+02:00" testType="13cdc9d9-ddb5-4fa4-a97d-d965ccfc6d4b" outcome="Passed" testListId="8c84fa94-04c1-424b-9868-57a2d4851a1d" relativeResultsDirectory="9045e264-47ef-402b-9ffc-51c713862943" />
    <UnitTestResult executionId="f30c63cf-ad37-49aa-aa82-093b9d371648" testId="a52d2d47-b36a-b0dc-0934-507efafd118b" testName="McpServerTemplate.Tests.RepositoryInvariantsTests.T11_development_secrets_have_somewhere_to_live" computerName="DESKTOP-4TSOTBQ" duration="00:00:00.0014949" startTime="2026-09-19T01:12:02.8523922+02:00" endTime="2026-09-19T01:12:02.8528572+02:00" testType="13cdc9d9-ddb5-4fa4-a97d-d965ccfc6d4b" outcome="Passed" testListId="8c84fa94-04c1-424b-9868-57a2d4851a1d" relativeResultsDirectory="f30c63cf-ad37-49aa-aa82-093b9d371648" />
    <UnitTestResult executionId="184edad8-f0f0-41fa-8c51-971877dcd542" testId="6c8c408f-a4ec-c756-44f8-351943388c8d" testName="McpServerTemplate.Tests.ServerProcessTests.T3_unknown_transport_is_a_configuration_failure" computerName="DESKTOP-4TSOTBQ" duration="00:00:00.1554596" startTime="2026-09-19T01:12:07.1639146+02:00" endTime="2026-09-19T01:12:07.3195444+02:00" testType="13cdc9d9-ddb5-4fa4-a97d-d965ccfc6d4b" outcome="Passed" testListId="8c84fa94-04c1-424b-9868-57a2d4851a1d" relativeResultsDirectory="184edad8-f0f0-41fa-8c51-971877dcd542" />
    <UnitTestResult executionId="eded7ff8-cc90-4aa6-8ead-f1099f2e40fa" testId="b5b34a4f-066a-21e4-178e-d5e3698b996f" testName="McpServerTemplate.Tests.Identity.TransportAndPrincipalTests.T7_the_development_principal_is_what_configuration_says_it_is" computerName="DESKTOP-4TSOTBQ" duration="00:00:00.0011785" startTime="2026-09-19T01:12:02.8604462+02:00" endTime="2026-09-19T01:12:02.8610292+02:00" testType="13cdc9d9-ddb5-4fa4-a97d-d965ccfc6d4b" outcome="Passed" testListId="8c84fa94-04c1-424b-9868-57a2d4851a1d" relativeResultsDirectory="eded7ff8-cc90-4aa6-8ead-f1099f2e40fa" />
    <UnitTestResult executionId="7db54c56-e53f-4647-8d0f-fe9cb5afd6fb" testId="30ad6236-ca9d-b402-77a0-28fff7cabc88" testName="McpServerTemplate.Tests.Identity.MetadataAndStatelessTests.T3_the_metadata_document_needs_no_credential" computerName="DESKTOP-4TSOTBQ" duration="00:00:00.0249960" startTime="2026-09-19T01:12:03.1061800+02:00" endTime="2026-09-19T01:12:03.1317119+02:00" testType="13cdc9d9-ddb5-4fa4-a97d-d965ccfc6d4b" outcome="Passed" testListId="8c84fa94-04c1-424b-9868-57a2d4851a1d" relativeResultsDirectory="7db54c56-e53f-4647-8d0f-fe9cb5afd6fb" />
    <UnitTestResult executionId="a5660c3b-8585-4961-82f2-9d300a43e3d4" testId="2eff10eb-6507-25b8-78d8-15b131db8053" testName="McpServerTemplate.Tests.Identity.TokenRejectionTests.T2_a_bad_token_is_refused(flaw: &quot;hmac signed&quot;)" computerName="DESKTOP-4TSOTBQ" duration="00:00:00.0922671" startTime="2026-09-19T01:12:03.1279121+02:00" endTime="2026-09-19T01:12:03.2201035+02:00" testType="13cdc9d9-ddb5-4fa4-a97d-d965ccfc6d4b" outcome="Passed" testListId="8c84fa94-04c1-424b-9868-57a2d4851a1d" relativeResultsDirectory="a5660c3b-8585-4961-82f2-9d300a43e3d4" />
    <UnitTestResult executionId="96517588-fcb0-4220-82cc-eb476132d50c" testId="0074c46e-5d71-653d-755e-2744bda60332" testName="McpServerTemplate.Tests.ServerProcessTests.T8_liveness_and_readiness_answer_without_a_credential" computerName="DESKTOP-4TSOTBQ" duration="00:00:01.1391125" startTime="2026-09-19T01:12:03.9538986+02:00" endTime="2026-09-19T01:12:05.0934469+02:00" testType="13cdc9d9-ddb5-4fa4-a97d-d965ccfc6d4b" outcome="Passed" testListId="8c84fa94-04c1-424b-9868-57a2d4851a1d" relativeResultsDirectory="96517588-fcb0-4220-82cc-eb476132d50c" />
    <UnitTestResult executionId="fd2e1a5a-d637-4227-9d2d-46a23a6473c4" testId="c0470a85-f71c-13ce-4322-22b57231146b" testName="McpServerTemplate.Tests.Providers.JsonPlaceholder.JsonPlaceholderRoundTripTests.T5_GetUserTodos_returns_populated_todos" computerName="DESKTOP-4TSOTBQ" duration="00:00:00.0039430" startTime="2026-09-19T01:12:02.8707417+02:00" endTime="2026-09-19T01:12:02.8719109+02:00" testType="13cdc9d9-ddb5-4fa4-a97d-d965ccfc6d4b" outcome="Passed" testListId="8c84fa94-04c1-424b-9868-57a2d4851a1d" relativeResultsDirectory="fd2e1a5a-d637-4227-9d2d-46a23a6473c4" />
    <UnitTestResult executionId="8564766b-6fd7-4b21-b16e-fa3792f32dc1" testId="cbb69e2e-a99d-1420-1dc1-aa2520191693" testName="McpServerTemplate.Tests.Identity.IdentityConfigurationTests.T9_an_admin_identity_provider_that_does_not_exist_is_refused" computerName="DESKTOP-4TSOTBQ" duration="00:00:00.0029320" startTime="2026-09-19T01:12:02.8646320+02:00" endTime="2026-09-19T01:12:02.8647741+02:00" testType="13cdc9d9-ddb5-4fa4-a97d-d965ccfc6d4b" outcome="Passed" testListId="8c84fa94-04c1-424b-9868-57a2d4851a1d" relativeResultsDirectory="8564766b-6fd7-4b21-b16e-fa3792f32dc1" />
    <UnitTestResult executionId="a2fb315c-87e3-4f16-9ad4-8bc364ce8e74" testId="9e40a55d-79d3-b7ac-4c5e-e200095abf2a" testName="McpServerTemplate.Tests.Identity.ProviderBindingTests.T6_two_providers_may_share_one_identity_provider" computerName="DESKTOP-4TSOTBQ" duration="00:00:00.0009798" startTime="2026-09-19T01:12:02.8729728+02:00" endTime="2026-09-19T01:12:02.8730104+02:00" testType="13cdc9d9-ddb5-4fa4-a97d-d965ccfc6d4b" outcome="Passed" testListId="8c84fa94-04c1-424b-9868-57a2d4851a1d" relativeResultsDirectory="a2fb315c-87e3-4f16-9ad4-8bc364ce8e74" />
    <UnitTestResult executionId="2fcd7b2f-806b-4c01-8e72-aef94b50aad0" testId="b66d83cb-ab11-d5d2-16e5-9d701f5d958f" testName="McpServerTemplate.Tests.Infrastructure.ConfigurationFailureTests.T3_a_missing_provider_section_is_a_configuration_failure(provider: &quot;JsonPlaceholder&quot;, register: Action`2 { Method = Void &lt;EveryProvider&gt;b__1_2(Microsoft.Extensions.DependencyInjection.IServiceCollection, Microsoft.Extensions.Configuration.IConfiguration), Target = &lt;&gt;c { } })" computerName="DESKTOP-4TSOTBQ" duration="00:00:00.0026080" startTime="2026-09-19T01:12:02.8526653+02:00" endTime="2026-09-19T01:12:02.8542702+02:00" testType="13cdc9d9-ddb5-4fa4-a97d-d965ccfc6d4b" outcome="Passed" testListId="8c84fa94-04c1-424b-9868-57a2d4851a1d" relativeResultsDirectory="2fcd7b2f-806b-4c01-8e72-aef94b50aad0" />
    <UnitTestResult executionId="8e9d5667-6533-4652-bab1-9f96836194d4" testId="1b788e0a-a375-c20c-43f1-c05c5ceadc95" testName="McpServerTemplate.Tests.ServerProcessTests.T4_a_foreign_host_header_is_rejected_before_anything_else" computerName="DESKTOP-4TSOTBQ" duration="00:00:00.6917460" startTime="2026-09-19T01:12:02.8155683+02:00" endTime="2026-09-19T01:12:03.4255434+02:00" testType="13cdc9d9-ddb5-4fa4-a97d-d965ccfc6d4b" outcome="Passed" testListId="8c84fa94-04c1-424b-9868-57a2d4851a1d" relativeResultsDirectory="8e9d5667-6533-4652-bab1-9f96836194d4" />
    <UnitTestResult executionId="9899cb9e-7661-4be7-8aae-13e5dfe6e911" testId="19e22bdc-9504-2bf2-42df-8918de32001d" testName="McpServerTemplate.Tests.Providers.JsonPlaceholder.JsonPlaceholderErrorPathTests.T5_an_unreachable_upstream_names_a_recovery(tool: &quot;create_user_todo&quot;, call: Func`2 { Method = System.Threading.Tasks.Task &lt;EveryTool&gt;b__2_5(McpServerTemplate.Providers.JsonPlaceholder.JsonPlaceholderApiClient), Target = &lt;&gt;c { } })" computerName="DESKTOP-4TSOTBQ" duration="00:00:00.0000460" startTime="2026-09-19T01:12:02.8718318+02:00" endTime="2026-09-19T01:12:02.8718549+02:00" testType="13cdc9d9-ddb5-4fa4-a97d-d965ccfc6d4b" outcome="Passed" testListId="8c84fa94-04c1-424b-9868-57a2d4851a1d" relativeResultsDirectory="9899cb9e-7661-4be7-8aae-13e5dfe6e911" />
    <UnitTestResult executionId="42254769-1cd9-46af-a811-e6a15b8b5459" testId="706047b4-f3e6-6caa-04b6-d3f9908e7866" testName="McpServerTemplate.Tests.Identity.TestIdentityProviderTests.A_minted_token_validates_against_the_providers_own_key" computerName="DESKTOP-4TSOTBQ" duration="00:00:00.0652584" startTime="2026-09-19T01:12:03.2243701+02:00" endTime="2026-09-19T01:12:03.2883576+02:00" testType="13cdc9d9-ddb5-4fa4-a97d-d965ccfc6d4b" outcome="Passed" testListId="8c84fa94-04c1-424b-9868-57a2d4851a1d" relativeResultsDirectory="42254769-1cd9-46af-a811-e6a15b8b5459" />
    <UnitTestResult executionId="2f6bbd10-8fcc-4332-aa3c-b54b8e440b87" testId="159abfe3-8a52-fd81-7336-07e0ed6064ec" testName="McpServerTemplate.Tests.Providers.JsonPlaceholder.JsonPlaceholderErrorPathTests.T5_a_missing_record_says_so_rather_than_reporting_a_status_code(tool: &quot;get_blog_post&quot;, call: Func`2 { Method = System.Threading.Tasks.Task &lt;EveryTool&gt;b__2_0(McpServerTemplate.Providers.JsonPlaceholder.JsonPlaceholderApiClient), Target = &lt;&gt;c { } })" computerName="DESKTOP-4TSOTBQ" duration="00:00:00.0045626" startTime="2026-09-19T01:12:02.8649167+02:00" endTime="2026-09-19T01:12:02.8649417+02:00" testType="13cdc9d9-ddb5-4fa4-a97d-d965ccfc6d4b" outcome="Passed" testListId="8c84fa94-04c1-424b-9868-57a2d4851a1d" relativeResultsDirectory="2f6bbd10-8fcc-4332-aa3c-b54b8e440b87" />
    <UnitTestResult executionId="55e6e70e-0c2a-4dc0-9021-ddb2c3aa40ce" testId="09052f9d-872a-0f4f-33f2-97535a68edd4" testName="McpServerTemplate.Tests.Infrastructure.ConfigurationFailureTests.T3_a_plaintext_base_url_is_a_configuration_failure(provider: &quot;SmhiObs&quot;, register: Action`2 { Method = Void &lt;EveryProvider&gt;b__1_1(Microsoft.Extensions.DependencyInjection.IServiceCollection, Microsoft.Extensions.Configuration.IConfiguration), Target = &lt;&gt;c { } })" computerName="DESKTOP-4TSOTBQ" duration="00:00:00.0004663" startTime="2026-09-19T01:12:02.8685165+02:00" endTime="2026-09-19T01:12:02.8685414+02:00" testType="13cdc9d9-ddb5-4fa4-a97d-d965ccfc6d4b" outcome="Passed" testListId="8c84fa94-04c1-424b-9868-57a2d4851a1d" relativeResultsDirectory="55e6e70e-0c2a-4dc0-9021-ddb2c3aa40ce" />
    <UnitTestResult executionId="2a7beee9-d893-42ab-9267-3cefe8898f66" testId="03984ebf-2538-3196-71bf-78a0e7f82e62" testName="McpServerTemplate.Tests.Identity.TestIdentityProviderTests.An_expired_token_is_expired" computerName="DESKTOP-4TSOTBQ" duration="00:00:00.0569603" startTime="2026-09-19T01:12:03.1656308+02:00" endTime="2026-09-19T01:12:03.2224636+02:00" testType="13cdc9d9-ddb5-4fa4-a97d-d965ccfc6d4b" outcome="Passed" testListId="8c84fa94-04c1-424b-9868-57a2d4851a1d" relativeResultsDirectory="2a7beee9-d893-42ab-9267-3cefe8898f66" />
    <UnitTestResult executionId="cf802518-8a79-4974-a72d-92dc3e7bd942" testId="a804e28f-86b9-f299-fb3a-8f6e737b65d6" testName="McpServerTemplate.Tests.Providers.JsonPlaceholder.JsonPlaceholderErrorPathTests.T5_an_open_circuit_names_a_recovery(tool: &quot;get_user_todos&quot;, call: Func`2 { Method = System.Threading.Tasks.Task &lt;EveryTool&gt;b__2_2(McpServerTemplate.Providers.JsonPlaceholder.JsonPlaceholderApiClient), Target = &lt;&gt;c { } })" computerName="DESKTOP-4TSOTBQ" duration="00:00:00.0000825" startTime="2026-09-19T01:12:02.8699469+02:00" endTime="2026-09-19T01:12:02.8699739+02:00" testType="13cdc9d9-ddb5-4fa4-a97d-d965ccfc6d4b" outcome="Passed" testListId="8c84fa94-04c1-424b-9868-57a2d4851a1d" relativeResultsDirectory="cf802518-8a79-4974-a72d-92dc3e7bd942" />
    <UnitTestResult executionId="fb791ed5-2026-493f-ad44-2981f73f96f3" testId="e22e097f-9710-33f1-45d3-8a9459b83179" testName="McpServerTemplate.Tests.ServerProcessTests.T1_stdio_answers_initialize_and_binds_no_tcp_port" computerName="DESKTOP-4TSOTBQ" duration="00:00:02.4457219" startTime="2026-09-19T01:12:07.7783670+02:00" endTime="2026-09-19T01:12:10.2241943+02:00" testType="13cdc9d9-ddb5-4fa4-a97d-d965ccfc6d4b" outcome="Passed" testListId="8c84fa94-04c1-424b-9868-57a2d4851a1d" relativeResultsDirectory="fb791ed5-2026-493f-ad44-2981f73f96f3" />
    <UnitTestResult executionId="d3da70c0-31d2-4923-a872-e4e6479a58ff" testId="aa6099a3-5ec9-1e3e-7e30-e14ad7176f35" testName="McpServerTemplate.Tests.Identity.IdentityConfigurationTests.T9_an_empty_algorithm_list_is_refused" computerName="DESKTOP-4TSOTBQ" duration="00:00:00.0013567" startTime="2026-09-19T01:12:02.8578550+02:00" endTime="2026-09-19T01:12:02.8584302+02:00" testType="13cdc9d9-ddb5-4fa4-a97d-d965ccfc6d4b" outcome="Passed" testListId="8c84fa94-04c1-424b-9868-57a2d4851a1d" relativeResultsDirectory="d3da70c0-31d2-4923-a872-e4e6479a58ff" />
    <UnitTestResult executionId="ead5ee90-79dd-4435-9369-37f2f14bcbc1" testId="ebf195ef-7c60-36bd-e1ee-f523663fda36" testName="McpServerTemplate.Tests.ServerProcessTests.T12_every_documented_tool_name_is_one_the_server_exposes" computerName="DESKTOP-4TSOTBQ" duration="00:00:00.5276957" startTime="2026-09-19T01:12:03.4257817+02:00" endTime="2026-09-19T01:12:03.9536703+02:00" testType="13cdc9d9-ddb5-4fa4-a97d-d965ccfc6d4b" outcome="Passed" testListId="8c84fa94-04c1-424b-9868-57a2d4851a1d" relativeResultsDirectory="ead5ee90-79dd-4435-9369-37f2f14bcbc1" />
    <UnitTestResult executionId="d90b1f98-c147-41fb-bc42-3b3f9b045e06" testId="ba204703-f57c-a067-6b59-58eaba04b2da" testName="McpServerTemplate.Tests.Identity.IdentityConfigurationTests.T9_no_identity_provider_at_all_is_refused" computerName="DESKTOP-4TSOTBQ" duration="00:00:00.0004307" startTime="2026-09-19T01:12:02.8585009+02:00" endTime="2026-09-19T01:12:02.8585256+02:00" testType="13cdc9d9-ddb5-4fa4-a97d-d965ccfc6d4b" outcome="Passed" testListId="8c84fa94-04c1-424b-9868-57a2d4851a1d" relativeResultsDirectory="d90b1f98-c147-41fb-bc42-3b3f9b045e06" />
    <UnitTestResult executionId="cfc50c2e-e2c4-4aab-acb0-28546f0f5123" testId="159abfe3-8a52-fd81-7336-07e0ed6064ec" testName="McpServerTemplate.Tests.Providers.JsonPlaceholder.JsonPlaceholderErrorPathTests.T5_a_missing_record_says_so_rather_than_reporting_a_status_code(tool: &quot;create_blog_post&quot;, call: Func`2 { Method = System.Threading.Tasks.Task &lt;EveryTool&gt;b__2_3(McpServerTemplate.Providers.JsonPlaceholder.JsonPlaceholderApiClient), Target = &lt;&gt;c { } })" computerName="DESKTOP-4TSOTBQ" duration="00:00:00.0096943" startTime="2026-09-19T01:12:02.8662338+02:00" endTime="2026-09-19T01:12:02.8677108+02:00" testType="13cdc9d9-ddb5-4fa4-a97d-d965ccfc6d4b" outcome="Passed" testListId="8c84fa94-04c1-424b-9868-57a2d4851a1d" relativeResultsDirectory="cfc50c2e-e2c4-4aab-acb0-28546f0f5123" />
    <UnitTestResult executionId="932b7db7-1724-4595-af04-3ef0a2a78ce9" testId="9face964-258f-cfcb-bcb0-2eaf509f2a8f" testName="McpServerTemplate.Tests.Providers.Smhi.SmhiFormattersTests.ToCardinalDirection_ReturnsExpectedDirection(degrees: 45, expected: &quot;NE&quot;)" computerName="DESKTOP-4TSOTBQ" duration="00:00:00.0000108" startTime="2026-09-19T01:12:02.8552839+02:00" endTime="2026-09-19T01:12:02.8553777+02:00" testType="13cdc9d9-ddb5-4fa4-a97d-d965ccfc6d4b" outcome="Passed" testListId="8c84fa94-04c1-424b-9868-57a2d4851a1d" relativeResultsDirectory="932b7db7-1724-4595-af04-3ef0a2a78ce9" />
    <UnitTestResult executionId="a4f094a8-6978-41e0-9476-1a3c902247ab" testId="e995444f-8df8-c4e0-0c4b-3c239eef5d38" testName="McpServerTemplate.Tests.Providers.Smhi.SmhiFormattersTests.FormatForecastSummary_ManyEntries_ProducesConciseOutput" computerName="DESKTOP-4TSOTBQ" duration="00:00:00.0164134" startTime="2026-09-19T01:12:02.8568633+02:00" endTime="2026-09-19T01:12:02.8587292+02:00" testType="13cdc9d9-ddb5-4fa4-a97d-d965ccfc6d4b" outcome="Passed" testListId="8c84fa94-04c1-424b-9868-57a2d4851a1d" relativeResultsDirectory="a4f094a8-6978-41e0-9476-1a3c902247ab" />
    <UnitTestResult executionId="9705eaa6-9dcf-4c08-82a6-47bd59ad1579" testId="4654f7e0-a40e-bba0-40ee-97c94befc512" testName="McpServerTemplate.Tests.Identity.IdentityConfigurationTests.T9_an_algorithm_outside_the_allowlist_is_refused(algorithms: &quot;RS256,HS256&quot;)" computerName="DESKTOP-4TSOTBQ" duration="00:00:00.0002690" startTime="2026-09-19T01:12:02.8576816+02:00" endTime="2026-09-19T01:12:02.8577951+02:00" testType="13cdc9d9-ddb5-4fa4-a97d-d965ccfc6d4b" outcome="Passed" testListId="8c84fa94-04c1-424b-9868-57a2d4851a1d" relativeResultsDirectory="9705eaa6-9dcf-4c08-82a6-47bd59ad1579" />
    <UnitTestResult executionId="c37c467c-8e91-4a00-8b66-bbc4c919ad2e" testId="7994a197-0312-5158-dd0d-ff455fac64ff" testName="McpServerTemplate.Tests.Identity.TestIdentityProviderTests.Anything_the_provider_was_not_asked_to_serve_is_a_404" computerName="DESKTOP-4TSOTBQ" duration="00:00:00.0005319" startTime="2026-09-19T01:12:03.2240390+02:00" endTime="2026-09-19T01:12:03.2242193+02:00" testType="13cdc9d9-ddb5-4fa4-a97d-d965ccfc6d4b" outcome="Passed" testListId="8c84fa94-04c1-424b-9868-57a2d4851a1d" relativeResultsDirectory="c37c467c-8e91-4a00-8b66-bbc4c919ad2e" />
    <UnitTestResult executionId="a64abc27-a51d-40cf-9a9a-97e6f41a1752" testId="58c5bff8-d411-b276-ca4d-319c727e9c09" testName="McpServerTemplate.Tests.RepositoryInvariantsTests.T11_no_appsettings_file_carries_a_credential_value" computerName="DESKTOP-4TSOTBQ" duration="00:00:00.0149282" startTime="2026-09-19T01:12:02.8665983+02:00" endTime="2026-09-19T01:12:02.8687588+02:00" testType="13cdc9d9-ddb5-4fa4-a97d-d965ccfc6d4b" outcome="Passed" testListId="8c84fa94-04c1-424b-9868-57a2d4851a1d" relativeResultsDirectory="a64abc27-a51d-40cf-9a9a-97e6f41a1752" />
    <UnitTestResult executionId="8ef53aac-8e12-43fd-a15a-766a7502b991" testId="cc87ae1e-3127-f425-86fd-7de5ffca0f80" testName="McpServerTemplate.Tests.Providers.Smhi.SmhiFormattersTests.FormatCurrentWeather_NoTimeSeries_ReturnsNoDataMessage" computerName="DESKTOP-4TSOTBQ" duration="00:00:00.0002195" startTime="2026-09-19T01:12:02.8588285+02:00" endTime="2026-09-19T01:12:02.8588524+02:00" testType="13cdc9d9-ddb5-4fa4-a97d-d965ccfc6d4b" outcome="Passed" testListId="8c84fa94-04c1-424b-9868-57a2d4851a1d" relativeResultsDirectory="8ef53aac-8e12-43fd-a15a-766a7502b991" />
    <UnitTestResult executionId="2743a1cd-b24f-452b-90cb-83327b461f15" testId="13caa405-e078-8ae7-e647-023e354e7cb2" testName="McpServerTemplate.Tests.Providers.SmhiObs.SmhiObsFormattersTests.FormatDailySummary_NonNumericValues_Skipped" computerName="DESKTOP-4TSOTBQ" duration="00:00:00.0014496" startTime="2026-09-19T01:12:02.8661385+02:00" endTime="2026-09-19T01:12:02.8662975+02:00" testType="13cdc9d9-ddb5-4fa4-a97d-d965ccfc6d4b" outcome="Passed" testListId="8c84fa94-04c1-424b-9868-57a2d4851a1d" relativeResultsDirectory="2743a1cd-b24f-452b-90cb-83327b461f15" />
    <UnitTestResult executionId="0fbb3d28-2bc2-4329-8e4d-0d13ed3474b8" testId="8743dde9-c049-19ce-b0aa-f00b4f032731" testName="McpServerTemplate.Tests.Identity.TokenRejectionTests.T5_a_token_naming_one_issuer_but_signed_by_another_is_refused" computerName="DESKTOP-4TSOTBQ" duration="00:00:00.2039285" startTime="2026-09-19T01:12:03.7579140+02:00" endTime="2026-09-19T01:12:03.9621411+02:00" testType="13cdc9d9-ddb5-4fa4-a97d-d965ccfc6d4b" outcome="Passed" testListId="8c84fa94-04c1-424b-9868-57a2d4851a1d" relativeResultsDirectory="0fbb3d28-2bc2-4329-8e4d-0d13ed3474b8" />
    <UnitTestResult executionId="aa364f23-dd44-4127-abd7-8cea09f0f1fd" testId="10bb8abf-835e-e717-da54-2d608104cc8f" testName="McpServerTemplate.Tests.Providers.JsonPlaceholder.JsonPlaceholderErrorPathTests.T5_an_upstream_failure_names_a_recovery(tool: &quot;get_blog_post&quot;, call: Func`2 { Method = System.Threading.Tasks.Task &lt;EveryTool&gt;b__2_0(McpServerTemplate.Providers.JsonPlaceholder.JsonPlaceholderApiClient), Target = &lt;&gt;c { } })" computerName="DESKTOP-4TSOTBQ" duration="00:00:00.0016427" startTime="2026-09-19T01:12:02.8687322+02:00" endTime="2026-09-19T01:12:02.8688135+02:00" testType="13cdc9d9-ddb5-4fa4-a97d-d965ccfc6d4b" outcome="Passed" testListId="8c84fa94-04c1-424b-9868-57a2d4851a1d" relativeResultsDirectory="aa364f23-dd44-4127-abd7-8cea09f0f1fd" />
    <UnitTestResult executionId="0b570912-5f03-42c6-af0c-1571a69bbe70" testId="eb7a7866-da74-1ae6-023e-b6d3cd26913b" testName="McpServerTemplate.Tests.Providers.Smhi.SmhiCoordinateValidationTests.GetPointForecastAsync_Api404_ThrowsDescriptiveError" computerName="DESKTOP-4TSOTBQ" duration="00:00:00.0050766" startTime="2026-09-19T01:12:02.8522405+02:00" endTime="2026-09-19T01:12:02.8541499+02:00" testType="13cdc9d9-ddb5-4fa4-a97d-d965ccfc6d4b" outcome="Passed" testListId="8c84fa94-04c1-424b-9868-57a2d4851a1d" relativeResultsDirectory="0b570912-5f03-42c6-af0c-1571a69bbe70" />
    <UnitTestResult executionId="d74e32b6-7105-475a-b61a-bf5664e932f5" testId="10bb8abf-835e-e717-da54-2d608104cc8f" testName="McpServerTemplate.Tests.Providers.JsonPlaceholder.JsonPlaceholderErrorPathTests.T5_an_upstream_failure_names_a_recovery(tool: &quot;get_user_todos&quot;, call: Func`2 { Method = System.Threading.Tasks.Task &lt;EveryTool&gt;b__2_2(McpServerTemplate.Providers.JsonPlaceholder.JsonPlaceholderApiClient), Target = &lt;&gt;c { } })" computerName="DESKTOP-4TSOTBQ" duration="00:00:00.0000826" startTime="2026-09-19T01:12:02.8688822+02:00" endTime="2026-09-19T01:12:02.8689052+02:00" testType="13cdc9d9-ddb5-4fa4-a97d-d965ccfc6d4b" outcome="Passed" testListId="8c84fa94-04c1-424b-9868-57a2d4851a1d" relativeResultsDirectory="d74e32b6-7105-475a-b61a-bf5664e932f5" />
    <UnitTestResult executionId="48238e7a-aaf1-4da1-9a8b-d24f600cc878" testId="bbc49e47-ae0b-dc61-4635-da9df85cef06" testName="McpServerTemplate.Tests.Identity.TokenRejectionTests.T8_a_foreign_origin_is_refused_even_with_a_valid_token" computerName="DESKTOP-4TSOTBQ" duration="00:00:00.0857237" startTime="2026-09-19T01:12:03.5934685+02:00" endTime="2026-09-19T01:12:03.6792798+02:00" testType="13cdc9d9-ddb5-4fa4-a97d-d965ccfc6d4b" outcome="Passed" testListId="8c84fa94-04c1-424b-9868-57a2d4851a1d" relativeResultsDirectory="48238e7a-aaf1-4da1-9a8b-d24f600cc878" />
    <UnitTestResult executionId="3047302d-a83c-4980-a9ec-b22b753dbad7" testId="27499f0d-5fb5-4ec4-f4c7-48fe44b6e704" testName="McpServerTemplate.Tests.Providers.JsonPlaceholder.JsonPlaceholderErrorPathTests.T5_an_upstream_that_runs_out_of_time_names_a_recovery(tool: &quot;get_post_comments&quot;, call: Func`2 { Method = System.Threading.Tasks.Task &lt;EveryTool&gt;b__2_1(McpServerTemplate.Providers.JsonPlaceholder.JsonPlaceholderApiClient), Target = &lt;&gt;c { } })" computerName="DESKTOP-4TSOTBQ" duration="00:00:00.0002206" startTime="2026-09-19T01:12:02.8708272+02:00" endTime="2026-09-19T01:12:02.8708508+02:00" testType="13cdc9d9-ddb5-4fa4-a97d-d965ccfc6d4b" outcome="Passed" testListId="8c84fa94-04c1-424b-9868-57a2d4851a1d" relativeResultsDirectory="3047302d-a83c-4980-a9ec-b22b753dbad7" />
    <UnitTestResult executionId="79404cb3-c141-4f02-85e3-dc4651f36bee" testId="f39fd953-b2ca-a158-1001-b27875a5a71d" testName="McpServerTemplate.Tests.Identity.ProviderBindingTests.T6_a_tool_belonging_to_no_provider_refuses_to_start" computerName="DESKTOP-4TSOTBQ" duration="00:00:00.0004698" startTime="2026-09-19T01:12:02.8730981+02:00" endTime="2026-09-19T01:12:02.8731246+02:00" testType="13cdc9d9-ddb5-4fa4-a97d-d965ccfc6d4b" outcome="Passed" testListId="8c84fa94-04c1-424b-9868-57a2d4851a1d" relativeResultsDirectory="79404cb3-c141-4f02-85e3-dc4651f36bee" />
    <UnitTestResult executionId="05a64194-e641-4ddb-9ea8-a7e996ed98ba" testId="f5e1ef07-5c42-615f-5299-7efeeb9025e2" testName="McpServerTemplate.Tests.Providers.JsonPlaceholder.JsonPlaceholderRoundTripTests.T5_GetPost_returns_the_real_record" computerName="DESKTOP-4TSOTBQ" duration="00:00:00.0007596" startTime="2026-09-19T01:12:02.8721944+02:00" endTime="2026-09-19T01:12:02.8722181+02:00" testType="13cdc9d9-ddb5-4fa4-a97d-d965ccfc6d4b" outcome="Passed" testListId="8c84fa94-04c1-424b-9868-57a2d4851a1d" relativeResultsDirectory="05a64194-e641-4ddb-9ea8-a7e996ed98ba" />
    <UnitTestResult executionId="2f1c2e52-4e5a-47c7-8d4d-5e3d522b5232" testId="3411a43b-a8ba-f0f0-76a9-31abedadbf87" testName="McpServerTemplate.Tests.Providers.Smhi.SmhiCoordinateValidationTests.GetPointForecastAsync_InvalidCoordinates_ThrowsMcpException(latitude: 59, longitude: 41)" computerName="DESKTOP-4TSOTBQ" duration="00:00:00.0004384" startTime="2026-09-19T01:12:02.8454238+02:00" endTime="2026-09-19T01:12:02.8488422+02:00" testType="13cdc9d9-ddb5-4fa4-a97d-d965ccfc6d4b" outcome="Passed" testListId="8c84fa94-04c1-424b-9868-57a2d4851a1d" relativeResultsDirectory="2f1c2e52-4e5a-47c7-8d4d-5e3d522b5232" />
    <UnitTestResult executionId="0cf001f8-22c5-4b27-a49f-22bd614b4109" testId="c7146da9-a2a8-fa6f-8cbc-d304dd0dfefc" testName="McpServerTemplate.Tests.Providers.JsonPlaceholder.JsonPlaceholderErrorPathTests.T5_a_blank_required_argument_names_what_is_missing(which: &quot;create_blog_post/title&quot;, call: Func`2 { Method = System.Threading.Tasks.Task &lt;EveryWriteToolWithABlankRequiredArgument&gt;b__13_0(McpServerTemplate.Providers.JsonPlaceholder.JsonPlaceholderApiClient), Target = &lt;&gt;c { } })" computerName="DESKTOP-4TSOTBQ" duration="00:00:00.0048029" startTime="2026-09-19T01:12:02.8618356+02:00" endTime="2026-09-19T01:12:02.8634216+02:00" testType="13cdc9d9-ddb5-4fa4-a97d-d965ccfc6d4b" outcome="Passed" testListId="8c84fa94-04c1-424b-9868-57a2d4851a1d" relativeResultsDirectory="0cf001f8-22c5-4b27-a49f-22bd614b4109" />
    <UnitTestResult executionId="64924029-2275-4d60-8e30-da359aa85db1" testId="8ac37b80-fb5c-80c2-7860-0d9999d2ed9a" testName="McpServerTemplate.Tests.Providers.Smhi.SmhiCoordinateValidationTests.GetPointForecastAsync_InvalidCoordinates_ThrowsMcpException(latitude: 73, longitude: 18)" computerName="DESKTOP-4TSOTBQ" duration="00:00:00.0145857" startTime="2026-09-19T01:12:02.8061876+02:00" endTime="2026-09-19T01:12:02.8280234+02:00" testType="13cdc9d9-ddb5-4fa4-a97d-d965ccfc6d4b" outcome="Passed" testListId="8c84fa94-04c1-424b-9868-57a2d4851a1d" relativeResultsDirectory="64924029-2275-4d60-8e30-da359aa85db1" />
    <UnitTestResult executionId="d1359208-472b-49b8-9452-85e88957c690" testId="2c22c8b0-cbe2-c491-7a2d-9524b0b0d763" testName="McpServerTemplate.Tests.Providers.JsonPlaceholder.JsonPlaceholderErrorPathTests.T5_an_out_of_range_id_names_the_valid_range(postId: 0)" computerName="DESKTOP-4TSOTBQ" duration="00:00:00.0025693" startTime="2026-09-19T01:12:02.8587912+02:00" endTime="2026-09-19T01:12:02.8605707+02:00" testType="13cdc9d9-ddb5-4fa4-a97d-d965ccfc6d4b" outcome="Passed" testListId="8c84fa94-04c1-424b-9868-57a2d4851a1d" relativeResultsDirectory="d1359208-472b-49b8-9452-85e88957c690" />
    <UnitTestResult executionId="b710a31e-8cab-43d0-8701-730052adfd13" testId="dc7e9c98-8cff-24f8-f62c-fc5f48dd4e0f" testName="McpServerTemplate.Tests.Identity.TransportAndPrincipalTests.T12_either_terminating_tls_or_naming_the_proxy_is_enough(key: &quot;HttpTransport:KnownProxies:0&quot;, value: &quot;10.0.0.1&quot;)" computerName="DESKTOP-4TSOTBQ" duration="00:00:00.0000520" startTime="2026-09-19T01:12:02.8457456+02:00" endTime="2026-09-19T01:12:02.8458614+02:00" testType="13cdc9d9-ddb5-4fa4-a97d-d965ccfc6d4b" outcome="Passed" testListId="8c84fa94-04c1-424b-9868-57a2d4851a1d" relativeResultsDirectory="b710a31e-8cab-43d0-8701-730052adfd13" />
    <UnitTestResult executionId="713ab4bc-b3aa-4afd-90cb-51837fe59360" testId="15ec8aa9-4496-cb19-f232-8749cde53d34" testName="McpServerTemplate.Tests.Infrastructure.ConfigurationFailureTests.T3_a_well_formed_provider_registers(provider: &quot;SmhiObs&quot;, register: Action`2 { Method = Void &lt;EveryProvider&gt;b__1_1(Microsoft.Extensions.DependencyInjection.IServiceCollection, Microsoft.Extensions.Configuration.IConfiguration), Target = &lt;&gt;c { } })" computerName="DESKTOP-4TSOTBQ" duration="00:00:00.0024651" startTime="2026-09-19T01:12:02.8675173+02:00" endTime="2026-09-19T01:12:02.8676584+02:00" testType="13cdc9d9-ddb5-4fa4-a97d-d965ccfc6d4b" outcome="Passed" testListId="8c84fa94-04c1-424b-9868-57a2d4851a1d" relativeResultsDirectory="713ab4bc-b3aa-4afd-90cb-51837fe59360" />
    <UnitTestResult executionId="048375b6-e63c-424e-89be-bbd17ba0e393" testId="c7146da9-a2a8-fa6f-8cbc-d304dd0dfefc" testName="McpServerTemplate.Tests.Providers.JsonPlaceholder.JsonPlaceholderErrorPathTests.T5_a_blank_required_argument_names_what_is_missing(which: &quot;add_post_comment/name&quot;, call: Func`2 { Method = System.Threading.Tasks.Task &lt;EveryWriteToolWithABlankRequiredArgument&gt;b__13_2(McpServerTemplate.Providers.JsonPlaceholder.JsonPlaceholderApiClient), Target = &lt;&gt;c { } })" computerName="DESKTOP-4TSOTBQ" duration="00:00:00.0022023" startTime="2026-09-19T01:12:02.8635506+02:00" endTime="2026-09-19T01:12:02.8643257+02:00" testType="13cdc9d9-ddb5-4fa4-a97d-d965ccfc6d4b" outcome="Passed" testListId="8c84fa94-04c1-424b-9868-57a2d4851a1d" relativeResultsDirectory="048375b6-e63c-424e-89be-bbd17ba0e393" />
    <UnitTestResult executionId="7804a4cb-1ca0-4870-a540-4bad64fcf5f2" testId="79d7e0d3-e30a-db14-4591-8fb97002f4cb" testName="McpServerTemplate.Tests.Providers.Smhi.SmhiFormattersTests.ToCardinalDirection_ReturnsExpectedDirection(degrees: 360, expected: &quot;N&quot;)" computerName="DESKTOP-4TSOTBQ" duration="00:00:00.0024603" startTime="2026-09-19T01:12:02.8541202+02:00" endTime="2026-09-19T01:12:02.8550613+02:00" testType="13cdc9d9-ddb5-4fa4-a97d-d965ccfc6d4b" outcome="Passed" testListId="8c84fa94-04c1-424b-9868-57a2d4851a1d" relativeResultsDirectory="7804a4cb-1ca0-4870-a540-4bad64fcf5f2" />
    <UnitTestResult executionId="b2d213b5-6bb3-4f4c-9f80-455cdab99b65" testId="1e5990b5-9548-4e4e-9470-3e57f4f688e5" testName="McpServerTemplate.Tests.Identity.TransportAndPrincipalTests.T7_stdio_runs_as_a_named_principal_without_any_identity_configured" computerName="DESKTOP-4TSOTBQ" duration="00:00:00.0032344" startTime="2026-09-19T01:12:02.8577687+02:00" endTime="2026-09-19T01:12:02.8593812+02:00" testType="13cdc9d9-ddb5-4fa4-a97d-d965ccfc6d4b" outcome="Passed" testListId="8c84fa94-04c1-424b-9868-57a2d4851a1d" relativeResultsDirectory="b2d213b5-6bb3-4f4c-9f80-455cdab99b65" />
    <UnitTestResult executionId="ca5277d9-77a7-493e-87f3-9fd0a27de85a" testId="10bb8abf-835e-e717-da54-2d608104cc8f" testName="McpServerTemplate.Tests.Providers.JsonPlaceholder.JsonPlaceholderErrorPathTests.T5_an_upstream_failure_names_a_recovery(tool: &quot;add_post_comment&quot;, call: Func`2 { Method = System.Threading.Tasks.Task &lt;EveryTool&gt;b__2_4(McpServerTemplate.Providers.JsonPlaceholder.JsonPlaceholderApiClient), Target = &lt;&gt;c { } })" computerName="DESKTOP-4TSOTBQ" duration="00:00:00.0001832" startTime="2026-09-19T01:12:02.8689712+02:00" endTime="2026-09-19T01:12:02.8689947+02:00" testType="13cdc9d9-ddb5-4fa4-a97d-d965ccfc6d4b" outcome="Passed" testListId="8c84fa94-04c1-424b-9868-57a2d4851a1d" relativeResultsDirectory="ca5277d9-77a7-493e-87f3-9fd0a27de85a" />
    <UnitTestResult executionId="f7eb05e0-6452-4fbe-8a0a-d9c853c7727b" testId="0512ccf2-ee47-5cdc-0117-09f9d9014e78" testName="McpServerTemplate.Tests.Providers.Smhi.WeatherSymbolTests.GetAll_Returns27Entries" computerName="DESKTOP-4TSOTBQ" duration="00:00:00.0258399" startTime="2026-09-19T01:12:02.8566113+02:00" endTime="2026-09-19T01:12:02.8632681+02:00" testType="13cdc9d9-ddb5-4fa4-a97d-d965ccfc6d4b" outcome="Passed" testListId="8c84fa94-04c1-424b-9868-57a2d4851a1d" relativeResultsDirectory="f7eb05e0-6452-4fbe-8a0a-d9c853c7727b" />
    <UnitTestResult executionId="e4fd57c5-1f89-4f1e-ba4e-f1dd2a654601" testId="0124426e-618a-8b28-9933-f8d9750f943a" testName="McpServerTemplate.Tests.Providers.JsonPlaceholder.JsonPlaceholderErrorPathTests.T5_an_out_of_range_id_names_the_valid_range(postId: -1)" computerName="DESKTOP-4TSOTBQ" duration="00:00:00.0062094" startTime="2026-09-19T01:12:02.8574404+02:00" endTime="2026-09-19T01:12:02.8586954+02:00" testType="13cdc9d9-ddb5-4fa4-a97d-d965ccfc6d4b" outcome="Passed" testListId="8c84fa94-04c1-424b-9868-57a2d4851a1d" relativeResultsDirectory="e4fd57c5-1f89-4f1e-ba4e-f1dd2a654601" />
    <UnitTestResult executionId="b5a57b90-320d-41fe-9ad7-8ae66f519f1d" testId="babc0334-6818-f2d9-f56f-62893f96b72d" testName="McpServerTemplate.Tests.Providers.Smhi.SmhiFormattersTests.ToCardinalDirection_ReturnsExpectedDirection(degrees: 135, expected: &quot;SE&quot;)" computerName="DESKTOP-4TSOTBQ" duration="00:00:00.0000074" startTime="2026-09-19T01:12:02.8554854+02:00" endTime="2026-09-19T01:12:02.8555881+02:00" testType="13cdc9d9-ddb5-4fa4-a97d-d965ccfc6d4b" outcome="Passed" testListId="8c84fa94-04c1-424b-9868-57a2d4851a1d" relativeResultsDirectory="b5a57b90-320d-41fe-9ad7-8ae66f519f1d" />
    <UnitTestResult executionId="7dd58a15-d980-45c0-ab5e-47ffdb9424bc" testId="fc6507cb-e777-d216-4f17-e37f1375b6cf" testName="McpServerTemplate.Tests.Infrastructure.ResilienceBudgetTests.T7_every_budget_this_server_ships_is_coherent(attempt: 10, retries: 2, total: 35)" computerName="DESKTOP-4TSOTBQ" duration="00:00:00.0003351" startTime="2026-09-19T01:12:02.8452005+02:00" endTime="2026-09-19T01:12:02.8461798+02:00" testType="13cdc9d9-ddb5-4fa4-a97d-d965ccfc6d4b" outcome="Passed" testListId="8c84fa94-04c1-424b-9868-57a2d4851a1d" relativeResultsDirectory="7dd58a15-d980-45c0-ab5e-47ffdb9424bc" />
    <UnitTestResult executionId="6ae5b536-a4b6-47f0-841e-0d79f0db9d79" testId="2910fbc1-86f2-3a87-b513-e573108c9dc8" testName="McpServerTemplate.Tests.Providers.Smhi.SmhiFormattersTests.ToCardinalDirection_ReturnsExpectedDirection(degrees: 0, expected: &quot;N&quot;)" computerName="DESKTOP-4TSOTBQ" duration="00:00:00.0000129" startTime="2026-09-19T01:12:02.8565899+02:00" endTime="2026-09-19T01:12:02.8566441+02:00" testType="13cdc9d9-ddb5-4fa4-a97d-d965ccfc6d4b" outcome="Passed" testListId="8c84fa94-04c1-424b-9868-57a2d4851a1d" relativeResultsDirectory="6ae5b536-a4b6-47f0-841e-0d79f0db9d79" />
    <UnitTestResult executionId="1863567b-8eae-43bf-a006-2089860e1496" testId="3db31128-39e9-c2e5-c093-56c433a779d1" testName="McpServerTemplate.Tests.Infrastructure.ResilienceBudgetTests.T7_every_budget_this_server_ships_is_coherent(attempt: 20, retries: 2, total: 70)" computerName="DESKTOP-4TSOTBQ" duration="00:00:00.0110999" startTime="2026-09-19T01:12:02.8154561+02:00" endTime="2026-09-19T01:12:02.8194349+02:00" testType="13cdc9d9-ddb5-4fa4-a97d-d965ccfc6d4b" outcome="Passed" testListId="8c84fa94-04c1-424b-9868-57a2d4851a1d" relativeResultsDirectory="1863567b-8eae-43bf-a006-2089860e1496" />
    <UnitTestResult executionId="9b62422e-85f9-4f8c-a591-a307ceb0397b" testId="63af4a5a-1429-c90e-50ad-e83a3e517e8f" testName="McpServerTemplate.Tests.Providers.JsonPlaceholder.JsonPlaceholderRoundTripTests.T5_CreatePost_returns_the_id_the_upstream_assigned" computerName="DESKTOP-4TSOTBQ" duration="00:00:00.0996148" startTime="2026-09-19T01:12:02.8153460+02:00" endTime="2026-09-19T01:12:02.8696812+02:00" testType="13cdc9d9-ddb5-4fa4-a97d-d965ccfc6d4b" outcome="Passed" testListId="8c84fa94-04c1-424b-9868-57a2d4851a1d" relativeResultsDirectory="9b62422e-85f9-4f8c-a591-a307ceb0397b" />
    <UnitTestResult executionId="ba9b44ce-a090-4c5b-99ce-3d8466a1dc64" testId="27499f0d-5fb5-4ec4-f4c7-48fe44b6e704" testName="McpServerTemplate.Tests.Providers.JsonPlaceholder.JsonPlaceholderErrorPathTests.T5_an_upstream_that_runs_out_of_time_names_a_recovery(tool: &quot;create_user_todo&quot;, call: Func`2 { Method = System.Threading.Tasks.Task &lt;EveryTool&gt;b__2_5(McpServerTemplate.Providers.JsonPlaceholder.JsonPlaceholderApiClient), Target = &lt;&gt;c { } })" computerName="DESKTOP-4TSOTBQ" duration="00:00:00.0000360" startTime="2026-09-19T01:12:02.8710085+02:00" endTime="2026-09-19T01:12:02.8710314+02:00" testType="13cdc9d9-ddb5-4fa4-a97d-d965ccfc6d4b" outcome="Passed" testListId="8c84fa94-04c1-424b-9868-57a2d4851a1d" relativeResultsDirectory="ba9b44ce-a090-4c5b-99ce-3d8466a1dc64" />
    <UnitTestResult executionId="5d375a02-bd5c-488e-b0e7-d5264fe582dd" testId="7e201fc5-411b-d5ae-3233-aa8b9ad3fd37" testName="McpServerTemplate.Tests.Providers.Smhi.SmhiFormattersTests.ToCardinalDirection_MissingValue_ReturnsNA" computerName="DESKTOP-4TSOTBQ" duration="00:00:00.0001743" startTime="2026-09-19T01:12:02.8595887+02:00" endTime="2026-09-19T01:12:02.8596128+02:00" testType="13cdc9d9-ddb5-4fa4-a97d-d965ccfc6d4b" outcome="Passed" testListId="8c84fa94-04c1-424b-9868-57a2d4851a1d" relativeResultsDirectory="5d375a02-bd5c-488e-b0e7-d5264fe582dd" />
    <UnitTestResult executionId="9e835e6b-1925-4f83-ba5d-92080bb5635a" testId="88ca6744-3b6b-2c40-78bd-5a53155c392d" testName="McpServerTemplate.Tests.Identity.ProviderBindingTests.T6_a_provider_with_no_binding_refuses_to_start" computerName="DESKTOP-4TSOTBQ" duration="00:00:00.0003644" startTime="2026-09-19T01:12:02.8733249+02:00" endTime="2026-09-19T01:12:02.8733705+02:00" testType="13cdc9d9-ddb5-4fa4-a97d-d965ccfc6d4b" outcome="Passed" testListId="8c84fa94-04c1-424b-9868-57a2d4851a1d" relativeResultsDirectory="9e835e6b-1925-4f83-ba5d-92080bb5635a" />
    <UnitTestResult executionId="cbfa4243-65c8-4e27-866b-037a56c18b19" testId="10bb8abf-835e-e717-da54-2d608104cc8f" testName="McpServerTemplate.Tests.Providers.JsonPlaceholder.JsonPlaceholderErrorPathTests.T5_an_upstream_failure_names_a_recovery(tool: &quot;get_post_comments&quot;, call: Func`2 { Method = System.Threading.Tasks.Task &lt;EveryTool&gt;b__2_1(McpServerTemplate.Providers.JsonPlaceholder.JsonPlaceholderApiClient), Target = &lt;&gt;c { } })" computerName="DESKTOP-4TSOTBQ" duration="00:00:00.0003672" startTime="2026-09-19T01:12:02.8688366+02:00" endTime="2026-09-19T01:12:02.8688610+02:00" testType="13cdc9d9-ddb5-4fa4-a97d-d965ccfc6d4b" outcome="Passed" testListId="8c84fa94-04c1-424b-9868-57a2d4851a1d" relativeResultsDirectory="cbfa4243-65c8-4e27-866b-037a56c18b19" />
    <UnitTestResult executionId="be85a46e-4a01-4bc5-931a-07df68a00e3e" testId="39a27f5b-7254-1711-55b3-f30df1dfc754" testName="McpServerTemplate.Tests.ServerProcessTests.T2_stdio_outside_development_exits_78(environmentName: &quot;Staging&quot;)" computerName="DESKTOP-4TSOTBQ" duration="00:00:00.1546805" startTime="2026-09-19T01:12:07.0085960+02:00" endTime="2026-09-19T01:12:07.1635668+02:00" testType="13cdc9d9-ddb5-4fa4-a97d-d965ccfc6d4b" outcome="Passed" testListId="8c84fa94-04c1-424b-9868-57a2d4851a1d" relativeResultsDirectory="be85a46e-4a01-4bc5-931a-07df68a00e3e" />
    <UnitTestResult executionId="ffa3c31a-666c-4622-827d-d7b7363ed2e1" testId="ca914541-1a91-210a-74ff-21812ba9c0d8" testName="McpServerTemplate.Tests.ServerProcessTests.T3_a_plaintext_provider_url_exits_78" computerName="DESKTOP-4TSOTBQ" duration="00:00:00.2011843" startTime="2026-09-19T01:12:05.7056654+02:00" endTime="2026-09-19T01:12:05.9070405+02:00" testType="13cdc9d9-ddb5-4fa4-a97d-d965ccfc6d4b" outcome="Passed" testListId="8c84fa94-04c1-424b-9868-57a2d4851a1d" relativeResultsDirectory="ffa3c31a-666c-4622-827d-d7b7363ed2e1" />
    <UnitTestResult executionId="268af639-fedc-41a8-8646-15de2cb1d741" testId="7d2181a2-0e23-d31a-f722-1e8cd619e213" testName="McpServerTemplate.Tests.Providers.JsonPlaceholder.JsonPlaceholderRoundTripTests.T5_CreateTodo_returns_the_id_the_upstream_assigned" computerName="DESKTOP-4TSOTBQ" duration="00:00:00.0007574" startTime="2026-09-19T01:12:02.8719778+02:00" endTime="2026-09-19T01:12:02.8720144+02:00" testType="13cdc9d9-ddb5-4fa4-a97d-d965ccfc6d4b" outcome="Passed" testListId="8c84fa94-04c1-424b-9868-57a2d4851a1d" relativeResultsDirectory="268af639-fedc-41a8-8646-15de2cb1d741" />
    <UnitTestResult executionId="0d12703f-6106-4d6a-a9d0-86d72f4844c8" testId="e7bdf1e1-791e-0e56-977c-28241d12a20e" testName="McpServerTemplate.Tests.Identity.IdentityConfigurationTests.T9_a_malformed_setting_is_refused_by_name(key: &quot;Authentication:IdentityProviders:corp:Authority&quot;, value: &quot;http://login.example.com&quot;, named: &quot;Authority&quot;)" computerName="DESKTOP-4TSOTBQ" duration="00:00:00.0004813" startTime="2026-09-19T01:12:02.8605443+02:00" endTime="2026-09-19T01:12:02.8606681+02:00" testType="13cdc9d9-ddb5-4fa4-a97d-d965ccfc6d4b" outcome="Passed" testListId="8c84fa94-04c1-424b-9868-57a2d4851a1d" relativeResultsDirectory="0d12703f-6106-4d6a-a9d0-86d72f4844c8" />
    <UnitTestResult executionId="f5a0a1f2-7f52-4a03-a53c-9b68dced07b7" testId="27499f0d-5fb5-4ec4-f4c7-48fe44b6e704" testName="McpServerTemplate.Tests.Providers.JsonPlaceholder.JsonPlaceholderErrorPathTests.T5_an_upstream_that_runs_out_of_time_names_a_recovery(tool: &quot;create_blog_post&quot;, call: Func`2 { Method = System.Threading.Tasks.Task &lt;EveryTool&gt;b__2_3(McpServerTemplate.Providers.JsonPlaceholder.JsonPlaceholderApiClient), Target = &lt;&gt;c { } })" computerName="DESKTOP-4TSOTBQ" duration="00:00:00.0000618" startTime="2026-09-19T01:12:02.8709206+02:00" endTime="2026-09-19T01:12:02.8709433+02:00" testType="13cdc9d9-ddb5-4fa4-a97d-d965ccfc6d4b" outcome="Passed" testListId="8c84fa94-04c1-424b-9868-57a2d4851a1d" relativeResultsDirectory="f5a0a1f2-7f52-4a03-a53c-9b68dced07b7" />
    <UnitTestResult executionId="84d0a36c-9638-430d-85e1-0d682d231e00" testId="6249f743-ec5b-33b8-2731-2e5e1be7b13c" testName="McpServerTemplate.Tests.Identity.IdentityConfigurationTests.T9_a_wildcard_scope_is_refused" computerName="DESKTOP-4TSOTBQ" duration="00:00:00.0238878" startTime="2026-09-19T01:12:02.8114984+02:00" endTime="2026-09-19T01:12:02.8449318+02:00" testType="13cdc9d9-ddb5-4fa4-a97d-d965ccfc6d4b" outcome="Passed" testListId="8c84fa94-04c1-424b-9868-57a2d4851a1d" relativeResultsDirectory="84d0a36c-9638-430d-85e1-0d682d231e00" />
    <UnitTestResult executionId="896f83d0-9399-4772-b372-391b06b16f04" testId="1fc7f6bc-250f-db3c-f08f-5f4d6450f6a5" testName="McpServerTemplate.Tests.Providers.Smhi.WeatherSymbolTests.GetDescription_UnknownCode_ReturnsUnknownWithCode(code: 999)" computerName="DESKTOP-4TSOTBQ" duration="00:00:00.0006970" startTime="2026-09-19T01:12:02.8536631+02:00" endTime="2026-09-19T01:12:02.8538482+02:00" testType="13cdc9d9-ddb5-4fa4-a97d-d965ccfc6d4b" outcome="Passed" testListId="8c84fa94-04c1-424b-9868-57a2d4851a1d" relativeResultsDirectory="896f83d0-9399-4772-b372-391b06b16f04" />
    <UnitTestResult executionId="12835e38-52c7-4e4e-845c-06ca208f47cc" testId="8c8dd6f9-d858-3105-e099-439c4df74a11" testName="McpServerTemplate.Tests.Identity.TokenRejectionTests.T2_a_bad_token_is_refused(flaw: &quot;unsigned&quot;)" computerName="DESKTOP-4TSOTBQ" duration="00:00:00.0867738" startTime="2026-09-19T01:12:03.4352375+02:00" endTime="2026-09-19T01:12:03.5213309+02:00" testType="13cdc9d9-ddb5-4fa4-a97d-d965ccfc6d4b" outcome="Passed" testListId="8c84fa94-04c1-424b-9868-57a2d4851a1d" relativeResultsDirectory="12835e38-52c7-4e4e-845c-06ca208f47cc" />
    <UnitTestResult executionId="89186346-05aa-41e4-b755-a28157ff1052" testId="c7146da9-a2a8-fa6f-8cbc-d304dd0dfefc" testName="McpServerTemplate.Tests.Providers.JsonPlaceholder.JsonPlaceholderErrorPathTests.T5_a_blank_required_argument_names_what_is_missing(which: &quot;add_post_comment/email&quot;, call: Func`2 { Method = System.Threading.Tasks.Task &lt;EveryWriteToolWithABlankRequiredArgument&gt;b__13_3(McpServerTemplate.Providers.JsonPlaceholder.JsonPlaceholderApiClient), Target = &lt;&gt;c { } })" computerName="DESKTOP-4TSOTBQ" duration="00:00:00.0001382" startTime="2026-09-19T01:12:02.8644029+02:00" endTime="2026-09-19T01:12:02.8644366+02:00" testType="13cdc9d9-ddb5-4fa4-a97d-d965ccfc6d4b" outcome="Passed" testListId="8c84fa94-04c1-424b-9868-57a2d4851a1d" relativeResultsDirectory="89186346-05aa-41e4-b755-a28157ff1052" />
    <UnitTestResult executionId="5e382b3f-bbe6-4ae9-9584-817fa80d9f6d" testId="057ea07f-98cf-0f1e-6999-3ac6307d6d55" testName="McpServerTemplate.Tests.ServerProcessTests.T12_every_exposed_tool_is_documented" computerName="DESKTOP-4TSOTBQ" duration="00:00:00.4577928" startTime="2026-09-19T01:12:07.3198801+02:00" endTime="2026-09-19T01:12:07.7779989+02:00" testType="13cdc9d9-ddb5-4fa4-a97d-d965ccfc6d4b" outcome="Passed" testListId="8c84fa94-04c1-424b-9868-57a2d4851a1d" relativeResultsDirectory="5e382b3f-bbe6-4ae9-9584-817fa80d9f6d" />
    <UnitTestResult executionId="9caedfbf-4279-4d36-ac17-a0314775f3ee" testId="610376df-b18b-658e-2fa9-532fb8de3b97" testName="McpServerTemplate.Tests.Identity.TestIdentityProviderTests.The_audience_is_checked(audience: &quot;https://mcp.example.com/mcp&quot;)" computerName="DESKTOP-4TSOTBQ" duration="00:00:00.0481248" startTime="2026-09-19T01:12:02.9408417+02:00" endTime="2026-09-19T01:12:02.9889139+02:00" testType="13cdc9d9-ddb5-4fa4-a97d-d965ccfc6d4b" outcome="Passed" testListId="8c84fa94-04c1-424b-9868-57a2d4851a1d" relativeResultsDirectory="9caedfbf-4279-4d36-ac17-a0314775f3ee" />
    <UnitTestResult executionId="8bb68d51-5205-4afc-96cc-cda0351dfd93" testId="13502998-71cc-3a73-e8cf-6a2a272fc9aa" testName="McpServerTemplate.Tests.Identity.TransportAndPrincipalTests.T7_a_development_scope_the_identity_provider_cannot_issue_is_refused" computerName="DESKTOP-4TSOTBQ" duration="00:00:00.0219602" startTime="2026-09-19T01:12:02.8519031+02:00" endTime="2026-09-19T01:12:02.8577068+02:00" testType="13cdc9d9-ddb5-4fa4-a97d-d965ccfc6d4b" outcome="Passed" testListId="8c84fa94-04c1-424b-9868-57a2d4851a1d" relativeResultsDirectory="8bb68d51-5205-4afc-96cc-cda0351dfd93" />
    <UnitTestResult executionId="6970232b-4ed8-4a85-a882-75db1498e2e0" testId="840bcdb7-135e-53f4-b321-03d375c83cd9" testName="McpServerTemplate.Tests.Infrastructure.ResilienceBudgetTests.T7_a_coherent_budget_is_accepted" computerName="DESKTOP-4TSOTBQ" duration="00:00:00.0012498" startTime="2026-09-19T01:12:02.8528280+02:00" endTime="2026-09-19T01:12:02.8537166+02:00" testType="13cdc9d9-ddb5-4fa4-a97d-d965ccfc6d4b" outcome="Passed" testListId="8c84fa94-04c1-424b-9868-57a2d4851a1d" relativeResultsDirectory="6970232b-4ed8-4a85-a882-75db1498e2e0" />
    <UnitTestResult executionId="f4bceaab-9dc2-4477-86ac-b7a02765278d" testId="7a634bf4-cca5-d4f3-9f14-9634147170e3" testName="McpServerTemplate.Tests.Providers.Smhi.WeatherSymbolTests.GetDescription_UnknownCode_ReturnsUnknownWithCode(code: 0)" computerName="DESKTOP-4TSOTBQ" duration="00:00:00.0000261" startTime="2026-09-19T01:12:02.8539002+02:00" endTime="2026-09-19T01:12:02.8539256+02:00" testType="13cdc9d9-ddb5-4fa4-a97d-d965ccfc6d4b" outcome="Passed" testListId="8c84fa94-04c1-424b-9868-57a2d4851a1d" relativeResultsDirectory="f4bceaab-9dc2-4477-86ac-b7a02765278d" />
    <UnitTestResult executionId="a914b76b-5c99-4f29-8113-d70f21c8398b" testId="e7e349c6-2eeb-3989-6c34-85fe1b4a2f48" testName="McpServerTemplate.Tests.Identity.TransportAndPrincipalTests.T7_a_development_principal_naming_an_unconfigured_provider_is_refused" computerName="DESKTOP-4TSOTBQ" duration="00:00:00.0006555" startTime="2026-09-19T01:12:02.8597890+02:00" endTime="2026-09-19T01:12:02.8599147+02:00" testType="13cdc9d9-ddb5-4fa4-a97d-d965ccfc6d4b" outcome="Passed" testListId="8c84fa94-04c1-424b-9868-57a2d4851a1d" relativeResultsDirectory="a914b76b-5c99-4f29-8113-d70f21c8398b" />
    <UnitTestResult executionId="cba6a155-e67b-42c5-adec-baf785931f31" testId="f36017cc-c8d1-b349-30be-461eab4383b2" testName="McpServerTemplate.Tests.Identity.IdentityConfigurationTests.T9_a_malformed_setting_is_refused_by_name(key: &quot;Authentication:IdentityProviders:corp:ScopeClaim&quot;, value: &quot;&quot;, named: &quot;ScopeClaim&quot;)" computerName="DESKTOP-4TSOTBQ" duration="00:00:00.0007773" startTime="2026-09-19T01:12:02.8598893+02:00" endTime="2026-09-19T01:12:02.8604802+02:00" testType="13cdc9d9-ddb5-4fa4-a97d-d965ccfc6d4b" outcome="Passed" testListId="8c84fa94-04c1-424b-9868-57a2d4851a1d" relativeResultsDirectory="cba6a155-e67b-42c5-adec-baf785931f31" />
    <UnitTestResult executionId="b084cf27-2633-4778-a873-90d082226d9b" testId="d2d94440-1431-323f-1cc3-273f5641a9e5" testName="McpServerTemplate.Tests.ServerProcessTests.T3_a_malformed_setting_exits_78(key: &quot;HttpTransport__Port&quot;, value: &quot;notanumber&quot;, transport: &quot;http&quot;)" computerName="DESKTOP-4TSOTBQ" duration="00:00:00.2035817" startTime="2026-09-19T01:12:05.5013673+02:00" endTime="2026-09-19T01:12:05.7052770+02:00" testType="13cdc9d9-ddb5-4fa4-a97d-d965ccfc6d4b" outcome="Passed" testListId="8c84fa94-04c1-424b-9868-57a2d4851a1d" relativeResultsDirectory="b084cf27-2633-4778-a873-90d082226d9b" />
    <UnitTestResult executionId="322961a1-d03a-457e-a209-5f5a841a7fab" testId="4973dcad-b8af-0ed0-3100-574c17ae281e" testName="McpServerTemplate.Tests.Providers.Smhi.WeatherSymbolTests.GetDescription_KnownCode_ReturnsExpectedText(code: 1, expected: &quot;Clear sky&quot;)" computerName="DESKTOP-4TSOTBQ" duration="00:00:00.0019638" startTime="2026-09-19T01:12:02.8549430+02:00" endTime="2026-09-19T01:12:02.8551156+02:00" testType="13cdc9d9-ddb5-4fa4-a97d-d965ccfc6d4b" outcome="Passed" testListId="8c84fa94-04c1-424b-9868-57a2d4851a1d" relativeResultsDirectory="322961a1-d03a-457e-a209-5f5a841a7fab" />
    <UnitTestResult executionId="f49553f9-d0d6-4363-8551-5f797e16b02a" testId="9766003e-4aea-f115-c450-550516ab2ef4" testName="McpServerTemplate.Tests.Providers.SmhiObs.MetObsArchiveCsvTests.T6_ReadAsync_filters_by_month_before_applying_the_cap" computerName="DESKTOP-4TSOTBQ" duration="00:00:00.0038932" startTime="2026-09-19T01:12:02.8659473+02:00" endTime="2026-09-19T01:12:02.8666471+02:00" testType="13cdc9d9-ddb5-4fa4-a97d-d965ccfc6d4b" outcome="Passed" testListId="8c84fa94-04c1-424b-9868-57a2d4851a1d" relativeResultsDirectory="f49553f9-d0d6-4363-8551-5f797e16b02a" />
    <UnitTestResult executionId="27ff6956-6c59-4301-89ea-494d9dfa5adb" testId="ececf482-4311-d656-375e-192d073d3e99" testName="McpServerTemplate.Tests.Identity.TokenRejectionTests.T2_a_bad_token_is_refused(flaw: &quot;wrong issuer&quot;)" computerName="DESKTOP-4TSOTBQ" duration="00:00:00.0770219" startTime="2026-09-19T01:12:03.3569662+02:00" endTime="2026-09-19T01:12:03.4341597+02:00" testType="13cdc9d9-ddb5-4fa4-a97d-d965ccfc6d4b" outcome="Passed" testListId="8c84fa94-04c1-424b-9868-57a2d4851a1d" relativeResultsDirectory="27ff6956-6c59-4301-89ea-494d9dfa5adb" />
    <UnitTestResult executionId="806e1c68-669e-424a-b8a1-81d3db7b2432" testId="442b122b-e42c-07ac-5ab7-5bddafd77d54" testName="McpServerTemplate.Tests.Identity.IdentityConfigurationTests.T9_an_admin_identity_provider_without_the_admin_scope_is_refused" computerName="DESKTOP-4TSOTBQ" duration="00:00:00.0011113" startTime="2026-09-19T01:12:02.8642714+02:00" endTime="2026-09-19T01:12:02.8645320+02:00" testType="13cdc9d9-ddb5-4fa4-a97d-d965ccfc6d4b" outcome="Passed" testListId="8c84fa94-04c1-424b-9868-57a2d4851a1d" relativeResultsDirectory="806e1c68-669e-424a-b8a1-81d3db7b2432" />
    <UnitTestResult executionId="f1a42f19-b9af-43e0-a75e-dee3cad09df3" testId="a804e28f-86b9-f299-fb3a-8f6e737b65d6" testName="McpServerTemplate.Tests.Providers.JsonPlaceholder.JsonPlaceholderErrorPathTests.T5_an_open_circuit_names_a_recovery(tool: &quot;get_blog_post&quot;, call: Func`2 { Method = System.Threading.Tasks.Task &lt;EveryTool&gt;b__2_0(McpServerTemplate.Providers.JsonPlaceholder.JsonPlaceholderApiClient), Target = &lt;&gt;c { } })" computerName="DESKTOP-4TSOTBQ" duration="00:00:00.0010665" startTime="2026-09-19T01:12:02.8697002+02:00" endTime="2026-09-19T01:12:02.8698268+02:00" testType="13cdc9d9-ddb5-4fa4-a97d-d965ccfc6d4b" outcome="Passed" testListId="8c84fa94-04c1-424b-9868-57a2d4851a1d" relativeResultsDirectory="f1a42f19-b9af-43e0-a75e-dee3cad09df3" />
    <UnitTestResult executionId="e52ec1e8-9317-4693-9c82-50d658c1f2bf" testId="345e33fe-fad6-3af5-017b-23e3e09c248f" testName="McpServerTemplate.Tests.ServerProcessTests.T5_a_tool_that_fails_still_answers_the_client" computerName="DESKTOP-4TSOTBQ" duration="00:00:00.6080657" startTime="2026-09-19T01:12:05.9073982+02:00" endTime="2026-09-19T01:12:06.5159431+02:00" testType="13cdc9d9-ddb5-4fa4-a97d-d965ccfc6d4b" outcome="Passed" testListId="8c84fa94-04c1-424b-9868-57a2d4851a1d" relativeResultsDirectory="e52ec1e8-9317-4693-9c82-50d658c1f2bf" />
    <UnitTestResult executionId="ce980a43-548e-4e84-8277-6460d24ec3dd" testId="1740e301-65e1-e557-17bf-68b06ecd6b14" testName="McpServerTemplate.Tests.Providers.Smhi.WeatherSymbolTests.GetDescription_KnownCode_ReturnsExpectedText(code: 6, expected: &quot;Overcast&quot;)" computerName="DESKTOP-4TSOTBQ" duration="00:00:00.0003061" startTime="2026-09-19T01:12:02.8551885+02:00" endTime="2026-09-19T01:12:02.8552948+02:00" testType="13cdc9d9-ddb5-4fa4-a97d-d965ccfc6d4b" outcome="Passed" testListId="8c84fa94-04c1-424b-9868-57a2d4851a1d" relativeResultsDirectory="ce980a43-548e-4e84-8277-6460d24ec3dd" />
    <UnitTestResult executionId="072dcfde-af96-47b6-8e11-3b144e1380de" testId="983cd3b2-a202-7756-397b-0027790420a1" testName="McpServerTemplate.Tests.Identity.TokenRejectionTests.T2_an_oversized_token_is_refused_before_it_is_parsed" computerName="DESKTOP-4TSOTBQ" duration="00:00:00.0175144" startTime="2026-09-19T01:12:03.6794370+02:00" endTime="2026-09-19T01:12:03.6972818+02:00" testType="13cdc9d9-ddb5-4fa4-a97d-d965ccfc6d4b" outcome="Passed" testListId="8c84fa94-04c1-424b-9868-57a2d4851a1d" relativeResultsDirectory="072dcfde-af96-47b6-8e11-3b144e1380de" />
    <UnitTestResult executionId="8514d63f-0474-4c13-bd33-ad7c9f035566" testId="159abfe3-8a52-fd81-7336-07e0ed6064ec" testName="McpServerTemplate.Tests.Providers.JsonPlaceholder.JsonPlaceholderErrorPathTests.T5_a_missing_record_says_so_rather_than_reporting_a_status_code(tool: &quot;add_post_comment&quot;, call: Func`2 { Method = System.Threading.Tasks.Task &lt;EveryTool&gt;b__2_4(McpServerTemplate.Providers.JsonPlaceholder.JsonPlaceholderApiClient), Target = &lt;&gt;c { } })" computerName="DESKTOP-4TSOTBQ" duration="00:00:00.0024331" startTime="2026-09-19T01:12:02.8677332+02:00" endTime="2026-09-19T01:12:02.8678938+02:00" testType="13cdc9d9-ddb5-4fa4-a97d-d965ccfc6d4b" outcome="Passed" testListId="8c84fa94-04c1-424b-9868-57a2d4851a1d" relativeResultsDirectory="8514d63f-0474-4c13-bd33-ad7c9f035566" />
    <UnitTestResult executionId="14ee7ea9-c393-4c2b-b213-c508aedc9009" testId="7e274865-e31b-ae6b-5901-3424eb9d1d91" testName="McpServerTemplate.Tests.Providers.JsonPlaceholder.JsonPlaceholderErrorPathTests.T5_a_caller_who_cancels_is_not_told_the_upstream_failed" computerName="DESKTOP-4TSOTBQ" duration="00:00:00.0185192" startTime="2026-09-19T01:12:02.8518847+02:00" endTime="2026-09-19T01:12:02.8568925+02:00" testType="13cdc9d9-ddb5-4fa4-a97d-d965ccfc6d4b" outcome="Passed" testListId="8c84fa94-04c1-424b-9868-57a2d4851a1d" relativeResultsDirectory="14ee7ea9-c393-4c2b-b213-c508aedc9009" />
    <UnitTestResult executionId="60213b6b-8c0f-473d-9c51-a2a9cb29e520" testId="eb824ac1-3d5b-d3c7-495b-45c491e01549" testName="McpServerTemplate.Tests.Providers.SmhiObs.MetObsArchiveCsvTests.T6_ReadAsync_takes_the_station_and_unit_from_the_preamble" computerName="DESKTOP-4TSOTBQ" duration="00:00:00.0007306" startTime="2026-09-19T01:12:02.8674603+02:00" endTime="2026-09-19T01:12:02.8675446+02:00" testType="13cdc9d9-ddb5-4fa4-a97d-d965ccfc6d4b" outcome="Passed" testListId="8c84fa94-04c1-424b-9868-57a2d4851a1d" relativeResultsDirectory="60213b6b-8c0f-473d-9c51-a2a9cb29e520" />
    <UnitTestResult executionId="5046de3d-6a45-46a2-8abe-6f71b7d9d19c" testId="a83e2cd0-c687-7f78-0e4d-040c01b1a1c8" testName="McpServerTemplate.Tests.Identity.TransportAndPrincipalTests.T12_either_terminating_tls_or_naming_the_proxy_is_enough(key: &quot;HttpTransport:KnownNetworks:0&quot;, value: &quot;10.0.0.0/8&quot;)" computerName="DESKTOP-4TSOTBQ" duration="00:00:00.0132953" startTime="2026-09-19T01:12:02.8151820+02:00" endTime="2026-09-19T01:12:02.8281247+02:00" testType="13cdc9d9-ddb5-4fa4-a97d-d965ccfc6d4b" outcome="Passed" testListId="8c84fa94-04c1-424b-9868-57a2d4851a1d" relativeResultsDirectory="5046de3d-6a45-46a2-8abe-6f71b7d9d19c" />
    <UnitTestResult executionId="522bc165-743a-4b62-929a-ff5541fad986" testId="27499f0d-5fb5-4ec4-f4c7-48fe44b6e704" testName="McpServerTemplate.Tests.Providers.JsonPlaceholder.JsonPlaceholderErrorPathTests.T5_an_upstream_that_runs_out_of_time_names_a_recovery(tool: &quot;add_post_comment&quot;, call: Func`2 { Method = System.Threading.Tasks.Task &lt;EveryTool&gt;b__2_4(McpServerTemplate.Providers.JsonPlaceholder.JsonPlaceholderApiClient), Target = &lt;&gt;c { } })" computerName="DESKTOP-4TSOTBQ" duration="00:00:00.0000381" startTime="2026-09-19T01:12:02.8709643+02:00" endTime="2026-09-19T01:12:02.8709870+02:00" testType="13cdc9d9-ddb5-4fa4-a97d-d965ccfc6d4b" outcome="Passed" testListId="8c84fa94-04c1-424b-9868-57a2d4851a1d" relativeResultsDirectory="522bc165-743a-4b62-929a-ff5541fad986" />
    <UnitTestResult executionId="ac53f59d-682b-43a2-947d-e67014360838" testId="19e22bdc-9504-2bf2-42df-8918de32001d" testName="McpServerTemplate.Tests.Providers.JsonPlaceholder.JsonPlaceholderErrorPathTests.T5_an_unreachable_upstream_names_a_recovery(tool: &quot;add_post_comment&quot;, call: Func`2 { Method = System.Threading.Tasks.Task &lt;EveryTool&gt;b__2_4(McpServerTemplate.Providers.JsonPlaceholder.JsonPlaceholderApiClient), Target = &lt;&gt;c { } })" computerName="DESKTOP-4TSOTBQ" duration="00:00:00.0000566" startTime="2026-09-19T01:12:02.8717875+02:00" endTime="2026-09-19T01:12:02.8718106+02:00" testType="13cdc9d9-ddb5-4fa4-a97d-d965ccfc6d4b" outcome="Passed" testListId="8c84fa94-04c1-424b-9868-57a2d4851a1d" relativeResultsDirectory="ac53f59d-682b-43a2-947d-e67014360838" />
    <UnitTestResult executionId="0314ca75-8028-4652-b401-789f9efc2870" testId="20900a93-4ecc-2674-ba80-12901d34c57f" testName="McpServerTemplate.Tests.RepositoryInvariantsTests.T9_the_mcp_sdk_is_on_one_version_across_the_solution" computerName="DESKTOP-4TSOTBQ" duration="00:00:00.0289145" startTime="2026-09-19T01:12:02.8617937+02:00" endTime="2026-09-19T01:12:02.8664831+02:00" testType="13cdc9d9-ddb5-4fa4-a97d-d965ccfc6d4b" outcome="Passed" testListId="8c84fa94-04c1-424b-9868-57a2d4851a1d" relativeResultsDirectory="0314ca75-8028-4652-b401-789f9efc2870" />
    <UnitTestResult executionId="4fb963e4-4e65-467a-9ee0-d37df823e7c0" testId="501792f1-1128-5f96-4f87-ba2f56210b5d" testName="McpServerTemplate.Tests.Identity.TestIdentityProviderTests.The_provider_serves_discovery_and_jwks_and_counts_what_was_asked" computerName="DESKTOP-4TSOTBQ" duration="00:00:00.0702982" startTime="2026-09-19T01:12:02.9892572+02:00" endTime="2026-09-19T01:12:03.0593998+02:00" testType="13cdc9d9-ddb5-4fa4-a97d-d965ccfc6d4b" outcome="Passed" testListId="8c84fa94-04c1-424b-9868-57a2d4851a1d" relativeResultsDirectory="4fb963e4-4e65-467a-9ee0-d37df823e7c0" />
    <UnitTestResult executionId="93172234-8d9c-45cf-aac7-b6b523fdfc78" testId="c7146da9-a2a8-fa6f-8cbc-d304dd0dfefc" testName="McpServerTemplate.Tests.Providers.JsonPlaceholder.JsonPlaceholderErrorPathTests.T5_a_blank_required_argument_names_what_is_missing(which: &quot;create_blog_post/body&quot;, call: Func`2 { Method = System.Threading.Tasks.Task &lt;EveryWriteToolWithABlankRequiredArgument&gt;b__13_1(McpServerTemplate.Providers.JsonPlaceholder.JsonPlaceholderApiClient), Target = &lt;&gt;c { } })" computerName="DESKTOP-4TSOTBQ" duration="00:00:00.0003000" startTime="2026-09-19T01:12:02.8634585+02:00" endTime="2026-09-19T01:12:02.8635050+02:00" testType="13cdc9d9-ddb5-4fa4-a97d-d965ccfc6d4b" outcome="Passed" testListId="8c84fa94-04c1-424b-9868-57a2d4851a1d" relativeResultsDirectory="93172234-8d9c-45cf-aac7-b6b523fdfc78" />
    <UnitTestResult executionId="7ea9ea4b-20fa-4d1c-ae97-7dcc07c182c9" testId="2a418cf7-2028-0bf6-a932-4a2f0bbefa38" testName="McpServerTemplate.Tests.ServerProcessTests.T3_http_without_identity_configured_is_a_configuration_failure" computerName="DESKTOP-4TSOTBQ" duration="00:00:00.2037651" startTime="2026-09-19T01:12:10.2248592+02:00" endTime="2026-09-19T01:12:10.4284074+02:00" testType="13cdc9d9-ddb5-4fa4-a97d-d965ccfc6d4b" outcome="Passed" testListId="8c84fa94-04c1-424b-9868-57a2d4851a1d" relativeResultsDirectory="7ea9ea4b-20fa-4d1c-ae97-7dcc07c182c9" />
    <UnitTestResult executionId="58d9d8fe-8074-48d3-aad4-5883ffd4086d" testId="0625be7a-1960-3237-2a99-5a94812815b8" testName="McpServerTemplate.Tests.Identity.TransportAndPrincipalTests.T12_either_terminating_tls_or_naming_the_proxy_is_enough(key: &quot;HttpTransport:Certificate:Subject&quot;, value: &quot;CN=mcp.example.com&quot;)" computerName="DESKTOP-4TSOTBQ" duration="00:00:00.0000274" startTime="2026-09-19T01:12:02.8460665+02:00" endTime="2026-09-19T01:12:02.8486253+02:00" testType="13cdc9d9-ddb5-4fa4-a97d-d965ccfc6d4b" outcome="Passed" testListId="8c84fa94-04c1-424b-9868-57a2d4851a1d" relativeResultsDirectory="58d9d8fe-8074-48d3-aad4-5883ffd4086d" />
    <UnitTestResult executionId="dd45a08b-e977-4a18-995f-766c6c3c2faf" testId="3e469a96-945e-6666-612c-f69e32bd794b" testName="McpServerTemplate.Tests.Providers.JsonPlaceholder.JsonPlaceholderErrorPathTests.T5_an_out_of_range_id_names_the_valid_range(postId: 101)" computerName="DESKTOP-4TSOTBQ" duration="00:00:00.0000369" startTime="2026-09-19T01:12:02.8606406+02:00" endTime="2026-09-19T01:12:02.8607351+02:00" testType="13cdc9d9-ddb5-4fa4-a97d-d965ccfc6d4b" outcome="Passed" testListId="8c84fa94-04c1-424b-9868-57a2d4851a1d" relativeResultsDirectory="dd45a08b-e977-4a18-995f-766c6c3c2faf" />
    <UnitTestResult executionId="f43fff2e-ba37-4ad7-bf9f-b4960c8a9143" testId="a804e28f-86b9-f299-fb3a-8f6e737b65d6" testName="McpServerTemplate.Tests.Providers.JsonPlaceholder.JsonPlaceholderErrorPathTests.T5_an_open_circuit_names_a_recovery(tool: &quot;add_post_comment&quot;, call: Func`2 { Method = System.Threading.Tasks.Task &lt;EveryTool&gt;b__2_4(McpServerTemplate.Providers.JsonPlaceholder.JsonPlaceholderApiClient), Target = &lt;&gt;c { } })" computerName="DESKTOP-4TSOTBQ" duration="00:00:00.0000824" startTime="2026-09-19T01:12:02.8700458+02:00" endTime="2026-09-19T01:12:02.8700684+02:00" testType="13cdc9d9-ddb5-4fa4-a97d-d965ccfc6d4b" outcome="Passed" testListId="8c84fa94-04c1-424b-9868-57a2d4851a1d" relativeResultsDirectory="f43fff2e-ba37-4ad7-bf9f-b4960c8a9143" />
    <UnitTestResult executionId="005a6890-7edf-4b2d-b491-17d935e2b0e2" testId="159abfe3-8a52-fd81-7336-07e0ed6064ec" testName="McpServerTemplate.Tests.Providers.JsonPlaceholder.JsonPlaceholderErrorPathTests.T5_a_missing_record_says_so_rather_than_reporting_a_status_code(tool: &quot;create_user_todo&quot;, call: Func`2 { Method = System.Threading.Tasks.Task &lt;EveryTool&gt;b__2_5(McpServerTemplate.Providers.JsonPlaceholder.JsonPlaceholderApiClient), Target = &lt;&gt;c { } })" computerName="DESKTOP-4TSOTBQ" duration="00:00:00.0023492" startTime="2026-09-19T01:12:02.8684471+02:00" endTime="2026-09-19T01:12:02.8686602+02:00" testType="13cdc9d9-ddb5-4fa4-a97d-d965ccfc6d4b" outcome="Passed" testListId="8c84fa94-04c1-424b-9868-57a2d4851a1d" relativeResultsDirectory="005a6890-7edf-4b2d-b491-17d935e2b0e2" />
[...]
    <TestEntry testId="c7146da9-a2a8-fa6f-8cbc-d304dd0dfefc" executionId="048375b6-e63c-424e-89be-bbd17ba0e393" testListId="8c84fa94-04c1-424b-9868-57a2d4851a1d" />
    <TestEntry testId="79d7e0d3-e30a-db14-4591-8fb97002f4cb" executionId="7804a4cb-1ca0-4870-a540-4bad64fcf5f2" testListId="8c84fa94-04c1-424b-9868-57a2d4851a1d" />
    <TestEntry testId="1e5990b5-9548-4e4e-9470-3e57f4f688e5" executionId="b2d213b5-6bb3-4f4c-9f80-455cdab99b65" testListId="8c84fa94-04c1-424b-9868-57a2d4851a1d" />
    <TestEntry testId="10bb8abf-835e-e717-da54-2d608104cc8f" executionId="ca5277d9-77a7-493e-87f3-9fd0a27de85a" testListId="8c84fa94-04c1-424b-9868-57a2d4851a1d" />
    <TestEntry testId="0512ccf2-ee47-5cdc-0117-09f9d9014e78" executionId="f7eb05e0-6452-4fbe-8a0a-d9c853c7727b" testListId="8c84fa94-04c1-424b-9868-57a2d4851a1d" />
    <TestEntry testId="0124426e-618a-8b28-9933-f8d9750f943a" executionId="e4fd57c5-1f89-4f1e-ba4e-f1dd2a654601" testListId="8c84fa94-04c1-424b-9868-57a2d4851a1d" />
    <TestEntry testId="babc0334-6818-f2d9-f56f-62893f96b72d" executionId="b5a57b90-320d-41fe-9ad7-8ae66f519f1d" testListId="8c84fa94-04c1-424b-9868-57a2d4851a1d" />
    <TestEntry testId="fc6507cb-e777-d216-4f17-e37f1375b6cf" executionId="7dd58a15-d980-45c0-ab5e-47ffdb9424bc" testListId="8c84fa94-04c1-424b-9868-57a2d4851a1d" />
    <TestEntry testId="2910fbc1-86f2-3a87-b513-e573108c9dc8" executionId="6ae5b536-a4b6-47f0-841e-0d79f0db9d79" testListId="8c84fa94-04c1-424b-9868-57a2d4851a1d" />
    <TestEntry testId="3db31128-39e9-c2e5-c093-56c433a779d1" executionId="1863567b-8eae-43bf-a006-2089860e1496" testListId="8c84fa94-04c1-424b-9868-57a2d4851a1d" />
    <TestEntry testId="63af4a5a-1429-c90e-50ad-e83a3e517e8f" executionId="9b62422e-85f9-4f8c-a591-a307ceb0397b" testListId="8c84fa94-04c1-424b-9868-57a2d4851a1d" />
    <TestEntry testId="27499f0d-5fb5-4ec4-f4c7-48fe44b6e704" executionId="ba9b44ce-a090-4c5b-99ce-3d8466a1dc64" testListId="8c84fa94-04c1-424b-9868-57a2d4851a1d" />
    <TestEntry testId="7e201fc5-411b-d5ae-3233-aa8b9ad3fd37" executionId="5d375a02-bd5c-488e-b0e7-d5264fe582dd" testListId="8c84fa94-04c1-424b-9868-57a2d4851a1d" />
    <TestEntry testId="88ca6744-3b6b-2c40-78bd-5a53155c392d" executionId="9e835e6b-1925-4f83-ba5d-92080bb5635a" testListId="8c84fa94-04c1-424b-9868-57a2d4851a1d" />
    <TestEntry testId="10bb8abf-835e-e717-da54-2d608104cc8f" executionId="cbfa4243-65c8-4e27-866b-037a56c18b19" testListId="8c84fa94-04c1-424b-9868-57a2d4851a1d" />
    <TestEntry testId="39a27f5b-7254-1711-55b3-f30df1dfc754" executionId="be85a46e-4a01-4bc5-931a-07df68a00e3e" testListId="8c84fa94-04c1-424b-9868-57a2d4851a1d" />
    <TestEntry testId="ca914541-1a91-210a-74ff-21812ba9c0d8" executionId="ffa3c31a-666c-4622-827d-d7b7363ed2e1" testListId="8c84fa94-04c1-424b-9868-57a2d4851a1d" />
    <TestEntry testId="7d2181a2-0e23-d31a-f722-1e8cd619e213" executionId="268af639-fedc-41a8-8646-15de2cb1d741" testListId="8c84fa94-04c1-424b-9868-57a2d4851a1d" />
    <TestEntry testId="e7bdf1e1-791e-0e56-977c-28241d12a20e" executionId="0d12703f-6106-4d6a-a9d0-86d72f4844c8" testListId="8c84fa94-04c1-424b-9868-57a2d4851a1d" />
    <TestEntry testId="27499f0d-5fb5-4ec4-f4c7-48fe44b6e704" executionId="f5a0a1f2-7f52-4a03-a53c-9b68dced07b7" testListId="8c84fa94-04c1-424b-9868-57a2d4851a1d" />
    <TestEntry testId="6249f743-ec5b-33b8-2731-2e5e1be7b13c" executionId="84d0a36c-9638-430d-85e1-0d682d231e00" testListId="8c84fa94-04c1-424b-9868-57a2d4851a1d" />
    <TestEntry testId="1fc7f6bc-250f-db3c-f08f-5f4d6450f6a5" executionId="896f83d0-9399-4772-b372-391b06b16f04" testListId="8c84fa94-04c1-424b-9868-57a2d4851a1d" />
    <TestEntry testId="8c8dd6f9-d858-3105-e099-439c4df74a11" executionId="12835e38-52c7-4e4e-845c-06ca208f47cc" testListId="8c84fa94-04c1-424b-9868-57a2d4851a1d" />
    <TestEntry testId="c7146da9-a2a8-fa6f-8cbc-d304dd0dfefc" executionId="89186346-05aa-41e4-b755-a28157ff1052" testListId="8c84fa94-04c1-424b-9868-57a2d4851a1d" />
    <TestEntry testId="057ea07f-98cf-0f1e-6999-3ac6307d6d55" executionId="5e382b3f-bbe6-4ae9-9584-817fa80d9f6d" testListId="8c84fa94-04c1-424b-9868-57a2d4851a1d" />
    <TestEntry testId="610376df-b18b-658e-2fa9-532fb8de3b97" executionId="9caedfbf-4279-4d36-ac17-a0314775f3ee" testListId="8c84fa94-04c1-424b-9868-57a2d4851a1d" />
    <TestEntry testId="13502998-71cc-3a73-e8cf-6a2a272fc9aa" executionId="8bb68d51-5205-4afc-96cc-cda0351dfd93" testListId="8c84fa94-04c1-424b-9868-57a2d4851a1d" />
    <TestEntry testId="840bcdb7-135e-53f4-b321-03d375c83cd9" executionId="6970232b-4ed8-4a85-a882-75db1498e2e0" testListId="8c84fa94-04c1-424b-9868-57a2d4851a1d" />
    <TestEntry testId="7a634bf4-cca5-d4f3-9f14-9634147170e3" executionId="f4bceaab-9dc2-4477-86ac-b7a02765278d" testListId="8c84fa94-04c1-424b-9868-57a2d4851a1d" />
    <TestEntry testId="e7e349c6-2eeb-3989-6c34-85fe1b4a2f48" executionId="a914b76b-5c99-4f29-8113-d70f21c8398b" testListId="8c84fa94-04c1-424b-9868-57a2d4851a1d" />
    <TestEntry testId="f36017cc-c8d1-b349-30be-461eab4383b2" executionId="cba6a155-e67b-42c5-adec-baf785931f31" testListId="8c84fa94-04c1-424b-9868-57a2d4851a1d" />
    <TestEntry testId="d2d94440-1431-323f-1cc3-273f5641a9e5" executionId="b084cf27-2633-4778-a873-90d082226d9b" testListId="8c84fa94-04c1-424b-9868-57a2d4851a1d" />
    <TestEntry testId="4973dcad-b8af-0ed0-3100-574c17ae281e" executionId="322961a1-d03a-457e-a209-5f5a841a7fab" testListId="8c84fa94-04c1-424b-9868-57a2d4851a1d" />
    <TestEntry testId="9766003e-4aea-f115-c450-550516ab2ef4" executionId="f49553f9-d0d6-4363-8551-5f797e16b02a" testListId="8c84fa94-04c1-424b-9868-57a2d4851a1d" />
    <TestEntry testId="ececf482-4311-d656-375e-192d073d3e99" executionId="27ff6956-6c59-4301-89ea-494d9dfa5adb" testListId="8c84fa94-04c1-424b-9868-57a2d4851a1d" />
    <TestEntry testId="442b122b-e42c-07ac-5ab7-5bddafd77d54" executionId="806e1c68-669e-424a-b8a1-81d3db7b2432" testListId="8c84fa94-04c1-424b-9868-57a2d4851a1d" />
    <TestEntry testId="a804e28f-86b9-f299-fb3a-8f6e737b65d6" executionId="f1a42f19-b9af-43e0-a75e-dee3cad09df3" testListId="8c84fa94-04c1-424b-9868-57a2d4851a1d" />
    <TestEntry testId="345e33fe-fad6-3af5-017b-23e3e09c248f" executionId="e52ec1e8-9317-4693-9c82-50d658c1f2bf" testListId="8c84fa94-04c1-424b-9868-57a2d4851a1d" />
    <TestEntry testId="1740e301-65e1-e557-17bf-68b06ecd6b14" executionId="ce980a43-548e-4e84-8277-6460d24ec3dd" testListId="8c84fa94-04c1-424b-9868-57a2d4851a1d" />
    <TestEntry testId="983cd3b2-a202-7756-397b-0027790420a1" executionId="072dcfde-af96-47b6-8e11-3b144e1380de" testListId="8c84fa94-04c1-424b-9868-57a2d4851a1d" />
    <TestEntry testId="159abfe3-8a52-fd81-7336-07e0ed6064ec" executionId="8514d63f-0474-4c13-bd33-ad7c9f035566" testListId="8c84fa94-04c1-424b-9868-57a2d4851a1d" />
    <TestEntry testId="7e274865-e31b-ae6b-5901-3424eb9d1d91" executionId="14ee7ea9-c393-4c2b-b213-c508aedc9009" testListId="8c84fa94-04c1-424b-9868-57a2d4851a1d" />
    <TestEntry testId="eb824ac1-3d5b-d3c7-495b-45c491e01549" executionId="60213b6b-8c0f-473d-9c51-a2a9cb29e520" testListId="8c84fa94-04c1-424b-9868-57a2d4851a1d" />
    <TestEntry testId="a83e2cd0-c687-7f78-0e4d-040c01b1a1c8" executionId="5046de3d-6a45-46a2-8abe-6f71b7d9d19c" testListId="8c84fa94-04c1-424b-9868-57a2d4851a1d" />
    <TestEntry testId="27499f0d-5fb5-4ec4-f4c7-48fe44b6e704" executionId="522bc165-743a-4b62-929a-ff5541fad986" testListId="8c84fa94-04c1-424b-9868-57a2d4851a1d" />
    <TestEntry testId="19e22bdc-9504-2bf2-42df-8918de32001d" executionId="ac53f59d-682b-43a2-947d-e67014360838" testListId="8c84fa94-04c1-424b-9868-57a2d4851a1d" />
    <TestEntry testId="20900a93-4ecc-2674-ba80-12901d34c57f" executionId="0314ca75-8028-4652-b401-789f9efc2870" testListId="8c84fa94-04c1-424b-9868-57a2d4851a1d" />
    <TestEntry testId="501792f1-1128-5f96-4f87-ba2f56210b5d" executionId="4fb963e4-4e65-467a-9ee0-d37df823e7c0" testListId="8c84fa94-04c1-424b-9868-57a2d4851a1d" />
    <TestEntry testId="c7146da9-a2a8-fa6f-8cbc-d304dd0dfefc" executionId="93172234-8d9c-45cf-aac7-b6b523fdfc78" testListId="8c84fa94-04c1-424b-9868-57a2d4851a1d" />
    <TestEntry testId="2a418cf7-2028-0bf6-a932-4a2f0bbefa38" executionId="7ea9ea4b-20fa-4d1c-ae97-7dcc07c182c9" testListId="8c84fa94-04c1-424b-9868-57a2d4851a1d" />
    <TestEntry testId="0625be7a-1960-3237-2a99-5a94812815b8" executionId="58d9d8fe-8074-48d3-aad4-5883ffd4086d" testListId="8c84fa94-04c1-424b-9868-57a2d4851a1d" />
    <TestEntry testId="3e469a96-945e-6666-612c-f69e32bd794b" executionId="dd45a08b-e977-4a18-995f-766c6c3c2faf" testListId="8c84fa94-04c1-424b-9868-57a2d4851a1d" />
    <TestEntry testId="a804e28f-86b9-f299-fb3a-8f6e737b65d6" executionId="f43fff2e-ba37-4ad7-bf9f-b4960c8a9143" testListId="8c84fa94-04c1-424b-9868-57a2d4851a1d" />
    <TestEntry testId="159abfe3-8a52-fd81-7336-07e0ed6064ec" executionId="005a6890-7edf-4b2d-b491-17d935e2b0e2" testListId="8c84fa94-04c1-424b-9868-57a2d4851a1d" />
    <TestEntry testId="3a29ac36-03e0-975f-7bf7-46182c9d60d2" executionId="635c3753-8254-46cc-9537-09727c6a31b4" testListId="8c84fa94-04c1-424b-9868-57a2d4851a1d" />
    <TestEntry testId="99b61749-5dd8-31e0-2f79-2981ee0e0f40" executionId="3ba1c70f-eb20-4e7c-aeca-265576818822" testListId="8c84fa94-04c1-424b-9868-57a2d4851a1d" />
    <TestEntry testId="f1264c6e-1d6b-4ab1-9961-9a10938f33d0" executionId="f642690a-7eb5-4e27-9436-4df192e1485a" testListId="8c84fa94-04c1-424b-9868-57a2d4851a1d" />
    <TestEntry testId="4a13e7e9-517f-c022-faae-6ed360eaed6d" executionId="4dccbeb1-c66a-4d8e-904c-6f6f016922dd" testListId="8c84fa94-04c1-424b-9868-57a2d4851a1d" />
    <TestEntry testId="15ec8aa9-4496-cb19-f232-8749cde53d34" executionId="5c78c15e-4f10-44e6-b395-b6b154510557" testListId="8c84fa94-04c1-424b-9868-57a2d4851a1d" />
    <TestEntry testId="73b60da6-055d-42cc-0dd9-70e3aa539296" executionId="c511c254-2e69-49a0-9f0e-2f0345dcf689" testListId="8c84fa94-04c1-424b-9868-57a2d4851a1d" />
    <TestEntry testId="b66d83cb-ab11-d5d2-16e5-9d701f5d958f" executionId="ff8dbf32-258b-4c02-b455-8ad7c9b2e6c6" testListId="8c84fa94-04c1-424b-9868-57a2d4851a1d" />
    <TestEntry testId="b731457a-e553-f6c9-136a-1c8109bd7109" executionId="47ca0b66-6569-4773-845e-58b7103cd3e7" testListId="8c84fa94-04c1-424b-9868-57a2d4851a1d" />
    <TestEntry testId="57a78c88-80b9-9505-6b19-366fd68eca18" executionId="2aa731d0-45d8-4e45-b89b-22b258a43058" testListId="8c84fa94-04c1-424b-9868-57a2d4851a1d" />
    <TestEntry testId="ebe688f6-ea68-e1ac-efc0-3f310fc3cf0f" executionId="ff252f79-b59f-4d37-8a2f-1da062afb6cd" testListId="8c84fa94-04c1-424b-9868-57a2d4851a1d" />
    <TestEntry testId="d0abe1bf-9103-7077-4148-659f2761e2c2" executionId="1f3ae27e-8661-4f4b-ae22-ac33f5387eb5" testListId="8c84fa94-04c1-424b-9868-57a2d4851a1d" />
    <TestEntry testId="565c54c8-2294-87a6-cdd3-60004757ba0e" executionId="63631827-bc29-4af2-8fc6-ea5f5a321a42" testListId="8c84fa94-04c1-424b-9868-57a2d4851a1d" />
    <TestEntry testId="47080e5b-6bda-0387-afde-e108c4535e2e" executionId="10f5e28e-3ebd-441f-be43-332d7c4f1617" testListId="8c84fa94-04c1-424b-9868-57a2d4851a1d" />
    <TestEntry testId="5dc0eea9-8ff3-ac9c-70dd-2fa9995b1bba" executionId="1cba03aa-77ff-473b-8c69-d071ad21ab86" testListId="8c84fa94-04c1-424b-9868-57a2d4851a1d" />
    <TestEntry testId="5d91e38e-b01a-5e25-71b9-c550b60875b1" executionId="552795e7-382f-45f8-ac72-06a933743ba0" testListId="8c84fa94-04c1-424b-9868-57a2d4851a1d" />
    <TestEntry testId="773b4d2f-c50b-0ed2-a75d-1216a3604f43" executionId="5c83ba25-2a70-49d7-848c-a4d6f8edc81a" testListId="8c84fa94-04c1-424b-9868-57a2d4851a1d" />
    <TestEntry testId="159abfe3-8a52-fd81-7336-07e0ed6064ec" executionId="90db77c1-c29d-46eb-a688-f7bac8be0f8e" testListId="8c84fa94-04c1-424b-9868-57a2d4851a1d" />
    <TestEntry testId="f1b3b824-3b8a-f50e-44a2-50c38b7150e7" executionId="22c997ef-a35c-493e-8e29-e0b576b07417" testListId="8c84fa94-04c1-424b-9868-57a2d4851a1d" />
    <TestEntry testId="10bb8abf-835e-e717-da54-2d608104cc8f" executionId="1299af0d-fb06-46fd-a55f-a863425b5578" testListId="8c84fa94-04c1-424b-9868-57a2d4851a1d" />
    <TestEntry testId="001530bf-9c26-89ca-471f-05583f17970d" executionId="177a58ca-5480-4e11-9a39-b4bde4ef67aa" testListId="8c84fa94-04c1-424b-9868-57a2d4851a1d" />
    <TestEntry testId="7ead8596-cb00-6cb7-e655-f6a136a7b716" executionId="0a3bdae3-63ed-4d36-a60a-d62133cda0ee" testListId="8c84fa94-04c1-424b-9868-57a2d4851a1d" />
    <TestEntry testId="270efa7c-5fd7-6904-40bd-02e65880fe07" executionId="fecfb339-09d1-458f-9a74-1a95dc1ebe58" testListId="8c84fa94-04c1-424b-9868-57a2d4851a1d" />
    <TestEntry testId="10bb8abf-835e-e717-da54-2d608104cc8f" executionId="228dc408-26a2-43b2-b3e8-b73e394c8c15" testListId="8c84fa94-04c1-424b-9868-57a2d4851a1d" />
    <TestEntry testId="19e22bdc-9504-2bf2-42df-8918de32001d" executionId="7ccff99b-59b2-486a-9f97-a4a050220806" testListId="8c84fa94-04c1-424b-9868-57a2d4851a1d" />
    <TestEntry testId="15ec8aa9-4496-cb19-f232-8749cde53d34" executionId="56a17799-b668-410a-a764-3720e63c2759" testListId="8c84fa94-04c1-424b-9868-57a2d4851a1d" />
    <TestEntry testId="33620963-b8a2-2784-3431-8d79e8cc2a4c" executionId="2a180453-5a15-4c17-9562-41deb49220b4" testListId="8c84fa94-04c1-424b-9868-57a2d4851a1d" />
    <TestEntry testId="6c51031e-c7c3-cb85-9671-24defc46b6a4" executionId="2898476b-e52a-4a09-9a23-48bced6af4b2" testListId="8c84fa94-04c1-424b-9868-57a2d4851a1d" />
    <TestEntry testId="56f610c9-4c8a-8579-ec6a-d85bf6bb89e9" executionId="e1cb69f6-c220-4d69-99ec-d5ade2ccbd3c" testListId="8c84fa94-04c1-424b-9868-57a2d4851a1d" />
    <TestEntry testId="a804e28f-86b9-f299-fb3a-8f6e737b65d6" executionId="1a327639-bf91-4c05-bbfa-c3c0c930fb39" testListId="8c84fa94-04c1-424b-9868-57a2d4851a1d" />
    <TestEntry testId="2f61a058-d50d-674c-d572-448eb8c35e52" executionId="879ae946-8723-4ea8-9e11-c7c830ab0327" testListId="8c84fa94-04c1-424b-9868-57a2d4851a1d" />
    <TestEntry testId="f980a630-fd82-7f69-a8e2-aec9c81e74f8" executionId="07ffee2f-cd79-4859-97ed-40a79ad23e69" testListId="8c84fa94-04c1-424b-9868-57a2d4851a1d" />
    <TestEntry testId="c26781b4-dcee-5a08-72ba-f92a8871d80b" executionId="fcda5266-a5fe-45b0-98fd-2c5e29feed17" testListId="8c84fa94-04c1-424b-9868-57a2d4851a1d" />
    <TestEntry testId="692218d7-be69-31f9-613d-e8e7512b175c" executionId="015e42d3-46ac-4440-8820-6fd494a7a7d3" testListId="8c84fa94-04c1-424b-9868-57a2d4851a1d" />
    <TestEntry testId="27499f0d-5fb5-4ec4-f4c7-48fe44b6e704" executionId="919a334a-8b10-42eb-9b0d-7243a8a5ea31" testListId="8c84fa94-04c1-424b-9868-57a2d4851a1d" />
    <TestEntry testId="0a118118-023e-69b8-e883-bbc5a3641595" executionId="0ff9625d-8012-41a8-8f88-7a5804696765" testListId="8c84fa94-04c1-424b-9868-57a2d4851a1d" />
    <TestEntry testId="ad5a5417-09b0-816c-b113-1991b1586ea5" executionId="44541350-9bfd-4080-9429-0b488c0cd15b" testListId="8c84fa94-04c1-424b-9868-57a2d4851a1d" />
    <TestEntry testId="dca6dbf5-8567-135b-b26d-56503bf8b4d8" executionId="11b2c5c7-31b5-44bd-b902-8e1fbf9a40e5" testListId="8c84fa94-04c1-424b-9868-57a2d4851a1d" />
    <TestEntry testId="ac64a8d1-2865-b399-deaf-b7366b5ab23c" executionId="edc0f84b-66f3-448c-8bcd-60f0779c9d1f" testListId="8c84fa94-04c1-424b-9868-57a2d4851a1d" />
    <TestEntry testId="a63764a4-0ae3-fee1-a248-1ce52f4d70a6" executionId="b6402348-1b26-4d49-b955-356ae35ce40e" testListId="8c84fa94-04c1-424b-9868-57a2d4851a1d" />
    <TestEntry testId="a804e28f-86b9-f299-fb3a-8f6e737b65d6" executionId="4f59dd99-c06e-4a37-97f9-06b88d8e9d39" testListId="8c84fa94-04c1-424b-9868-57a2d4851a1d" />
    <TestEntry testId="159abfe3-8a52-fd81-7336-07e0ed6064ec" executionId="62a1c2c1-c253-4f8a-9773-8378f95246b4" testListId="8c84fa94-04c1-424b-9868-57a2d4851a1d" />
    <TestEntry testId="09052f9d-872a-0f4f-33f2-97535a68edd4" executionId="a3e1b96e-521e-4184-8d07-e0c9b0e59573" testListId="8c84fa94-04c1-424b-9868-57a2d4851a1d" />
    <TestEntry testId="35b61d6b-1942-45d4-605b-af9a2a0a103c" executionId="1c731711-716e-4e04-b1ed-14b9ee000330" testListId="8c84fa94-04c1-424b-9868-57a2d4851a1d" />
    <TestEntry testId="c16cf509-149e-dbd6-b4b2-23c3395755dc" executionId="b6a31fdd-be7c-4c6d-8781-00fab8210360" testListId="8c84fa94-04c1-424b-9868-57a2d4851a1d" />
    <TestEntry testId="3ce3c0fc-e387-e150-c4b4-703ba63b1f95" executionId="94d70b9d-72f3-4ca3-9d9a-6a5635c38da2" testListId="8c84fa94-04c1-424b-9868-57a2d4851a1d" />
    <TestEntry testId="c7146da9-a2a8-fa6f-8cbc-d304dd0dfefc" executionId="90319562-3910-43a4-8933-78571f4a5847" testListId="8c84fa94-04c1-424b-9868-57a2d4851a1d" />
    <TestEntry testId="f15a76ad-4975-ae19-b6e0-e64c400cc7b1" executionId="50884882-4bcd-43d2-9107-06b91f4b28a6" testListId="8c84fa94-04c1-424b-9868-57a2d4851a1d" />
    <TestEntry testId="f587e8de-a0cd-aa5b-6226-f1fc39b85ed2" executionId="707c8e01-2589-4b40-bd13-17bf5b1369c8" testListId="8c84fa94-04c1-424b-9868-57a2d4851a1d" />
    <TestEntry testId="c0391daa-b942-b2c8-b3fd-66bd301c87b3" executionId="615e28d6-4765-46f2-a765-bcd10fe23e4c" testListId="8c84fa94-04c1-424b-9868-57a2d4851a1d" />
    <TestEntry testId="a5c52dbb-dad6-ebd8-6fdb-d776fe88ce21" executionId="11e081b8-b1f4-430e-a1b4-e4c4b5a4a114" testListId="8c84fa94-04c1-424b-9868-57a2d4851a1d" />
    <TestEntry testId="e0c6b8fa-8786-cccd-7756-3a838a6ae598" executionId="a70241e2-08cd-46f0-840a-45c31d8fdea9" testListId="8c84fa94-04c1-424b-9868-57a2d4851a1d" />
    <TestEntry testId="0ec97237-48fc-2048-ae10-d450981f509e" executionId="3bfca5dd-d594-448c-b111-ccea4c17598b" testListId="8c84fa94-04c1-424b-9868-57a2d4851a1d" />
    <TestEntry testId="66ea6610-ca01-29fd-f537-5efe7f351c8f" executionId="d1f0516e-2aa3-4416-a7ef-a15cc4d0be08" testListId="8c84fa94-04c1-424b-9868-57a2d4851a1d" />
    <TestEntry testId="c31612e6-e7c6-f94f-d3e4-ade6a2f5cfa0" executionId="d6e7b3f3-8f9c-405d-a3a1-b007425a5694" testListId="8c84fa94-04c1-424b-9868-57a2d4851a1d" />
    <TestEntry testId="e7fd39e0-cb1e-9d97-7f95-489ea011eaf7" executionId="c8df2089-47b4-4e18-a08c-46250ad08b48" testListId="8c84fa94-04c1-424b-9868-57a2d4851a1d" />
    <TestEntry testId="8333a9ca-cd30-7612-a001-93dbcfb9abb5" executionId="2406b77b-c988-407b-aae6-6a9cabd66cd0" testListId="8c84fa94-04c1-424b-9868-57a2d4851a1d" />
    <TestEntry testId="fabf6787-9223-e418-8b8d-81e3223a1bfa" executionId="50c8181c-693f-4045-8f31-bcf96f1f0311" testListId="8c84fa94-04c1-424b-9868-57a2d4851a1d" />
    <TestEntry testId="bed0cb83-f365-1caa-b7e2-7a85b40ca084" executionId="fee261be-858b-4be9-a69c-f1e80a286393" testListId="8c84fa94-04c1-424b-9868-57a2d4851a1d" />
    <TestEntry testId="0c8b1d44-0840-e2b9-6c7e-dc4fdb99c9fc" executionId="108f5b16-25dd-44ed-8f32-37d8c4e5e5bd" testListId="8c84fa94-04c1-424b-9868-57a2d4851a1d" />
    <TestEntry testId="09052f9d-872a-0f4f-33f2-97535a68edd4" executionId="8564b316-8e5f-48e9-b109-dda5d8588cfb" testListId="8c84fa94-04c1-424b-9868-57a2d4851a1d" />
    <TestEntry testId="155e13ab-3991-785d-8643-315f250d75a5" executionId="758b1f8c-7ed5-4cd6-8260-cf3e0b8df880" testListId="8c84fa94-04c1-424b-9868-57a2d4851a1d" />
  </TestEntries>
  <TestLists>
    <TestList name="Results Not in a List" id="8c84fa94-04c1-424b-9868-57a2d4851a1d" />
    <TestList name="All Loaded Results" id="19431567-8539-422a-85d7-44ee4e166bda" />
  </TestLists>
  <ResultSummary outcome="Completed">
    <Counters total="185" executed="185" passed="185" failed="0" error="0" timeout="0" aborted="0" inconclusive="0" passedButRunAborted="0" notRunnable="0" notExecuted="0" disconnected="0" warning="0" completed="0" inProgress="0" pending="0" />
    <Output>
      <StdOut>[xUnit.net 00:00:00.00] xUnit.net VSTest Adapter v3.1.4+50e68bbb8b (64-bit .NET 10.0.1)&#xD;
[xUnit.net 00:00:00.24]   Discovering: McpServerTemplate.Tests&#xD;
[xUnit.net 00:00:00.31]   Discovered:  McpServerTemplate.Tests&#xD;
[xUnit.net 00:00:00.35]   Starting:    McpServerTemplate.Tests&#xD;
[xUnit.net 00:00:09.32]   Finished:    McpServerTemplate.Tests&#xD;
</StdOut>
    </Output>
  </ResultSummary>
</TestRun>